This file contains any messages produced by compilers while
running configure, to aid debugging if configure makes a mistake.

It was created by openvswitch configure 2.5.5, which was
generated by GNU Autoconf 2.69.  Invocation command line was

  $ ./configure --build=x86_64-linux-gnu --prefix=/usr --includedir=${prefix}/include --mandir=${prefix}/share/man --infodir=${prefix}/share/info --sysconfdir=/etc --localstatedir=/var --disable-silent-rules --libexecdir=${prefix}/lib/openvswitch --disable-maintainer-mode --disable-dependency-tracking --enable-ssl

## --------- ##
## Platform. ##
## --------- ##

hostname = ubuntu
uname -m = x86_64
uname -r = 4.15.0-45-generic
uname -s = Linux
uname -v = #48~16.04.1-Ubuntu SMP Tue Jan 29 18:03:48 UTC 2019

/usr/bin/uname -p = unknown
/bin/uname -X     = unknown

/bin/arch              = unknown
/usr/bin/arch -k       = unknown
/usr/convex/getsysinfo = unknown
/usr/bin/hostinfo      = unknown
/bin/machine           = unknown
/usr/bin/oslevel       = unknown
/bin/universe          = unknown

PATH: /home/peid/bin
PATH: /home/peid/.local/bin
PATH: /usr/local/sbin
PATH: /usr/local/bin
PATH: /usr/sbin
PATH: /usr/bin
PATH: /sbin
PATH: /bin
PATH: /usr/games
PATH: /usr/local/games
PATH: /snap/bin


## ----------- ##
## Core tests. ##
## ----------- ##

configure:2696: checking for a BSD-compatible install
configure:2764: result: /usr/bin/install -c
configure:2775: checking whether build environment is sane
configure:2830: result: yes
configure:2981: checking for a thread-safe mkdir -p
configure:3020: result: /bin/mkdir -p
configure:3027: checking for gawk
configure:3057: result: no
configure:3027: checking for mawk
configure:3043: found /usr/bin/mawk
configure:3054: result: mawk
configure:3065: checking whether make sets $(MAKE)
configure:3087: result: yes
configure:3116: checking whether make supports nested variables
configure:3133: result: yes
configure:3212: checking how to create a pax tar archive
configure:3223: tar --version
tar (GNU tar) 1.28
Copyright (C) 2014 Free Software Foundation, Inc.
License GPLv3+: GNU GPL version 3 or later <http://gnu.org/licenses/gpl.html>.
This is free software: you are free to change and redistribute it.
There is NO WARRANTY, to the extent permitted by law.

Written by John Gilmore and Jay Fenlason.
configure:3226: $? = 0
configure:3266: tardir=conftest.dir && eval tar --format=posix -chf - "$tardir" >conftest.tar
configure:3269: $? = 0
configure:3273: tar -xf - <conftest.tar
configure:3276: $? = 0
configure:3278: cat conftest.dir/file
GrepMe
configure:3281: $? = 0
configure:3294: result: gnutar
configure:3357: checking for style of include used by make
configure:3385: result: GNU
configure:3456: checking for gcc
configure:3472: found /usr/bin/gcc
configure:3483: result: gcc
configure:3712: checking for C compiler version
configure:3721: gcc --version >&5
gcc (Ubuntu 5.4.0-6ubuntu1~16.04.12) 5.4.0 20160609
Copyright (C) 2015 Free Software Foundation, Inc.
This is free software; see the source for copying conditions.  There is NO
warranty; not even for MERCHANTABILITY or FITNESS FOR A PARTICULAR PURPOSE.

configure:3732: $? = 0
configure:3721: gcc -v >&5
Using built-in specs.
COLLECT_GCC=gcc
COLLECT_LTO_WRAPPER=/usr/lib/gcc/x86_64-linux-gnu/5/lto-wrapper
Target: x86_64-linux-gnu
Configured with: ../src/configure -v --with-pkgversion='Ubuntu 5.4.0-6ubuntu1~16.04.12' --with-bugurl=file:///usr/share/doc/gcc-5/README.Bugs --enable-languages=c,ada,c++,java,go,d,fortran,objc,obj-c++ --prefix=/usr --program-suffix=-5 --enable-shared --enable-linker-build-id --libexecdir=/usr/lib --without-included-gettext --enable-threads=posix --libdir=/usr/lib --enable-nls --with-sysroot=/ --enable-clocale=gnu --enable-libstdcxx-debug --enable-libstdcxx-time=yes --with-default-libstdcxx-abi=new --enable-gnu-unique-object --disable-vtable-verify --enable-libmpx --enable-plugin --with-system-zlib --disable-browser-plugin --enable-java-awt=gtk --enable-gtk-cairo --with-java-home=/usr/lib/jvm/java-1.5.0-gcj-5-amd64/jre --enable-java-home --with-jvm-root-dir=/usr/lib/jvm/java-1.5.0-gcj-5-amd64 --with-jvm-jar-dir=/usr/lib/jvm-exports/java-1.5.0-gcj-5-amd64 --with-arch-directory=amd64 --with-ecj-jar=/usr/share/java/eclipse-ecj.jar --enable-objc-gc --enable-multiarch --disable-werror --with-arch-32=i686 --with-abi=m64 --with-multilib-list=m32,m64,mx32 --enable-multilib --with-tune=generic --enable-checking=release --build=x86_64-linux-gnu --host=x86_64-linux-gnu --target=x86_64-linux-gnu
Thread model: posix
gcc version 5.4.0 20160609 (Ubuntu 5.4.0-6ubuntu1~16.04.12) 
configure:3732: $? = 0
configure:3721: gcc -V >&5
gcc: error: unrecognized command line option '-V'
gcc: fatal error: no input files
compilation terminated.
configure:3732: $? = 1
configure:3721: gcc -qversion >&5
gcc: error: unrecognized command line option '-qversion'
gcc: fatal error: no input files
compilation terminated.
configure:3732: $? = 1
configure:3752: checking whether the C compiler works
configure:3774: gcc    conftest.c  >&5
configure:3778: $? = 0
configure:3826: result: yes
configure:3829: checking for C compiler default output file name
configure:3831: result: a.out
configure:3837: checking for suffix of executables
configure:3844: gcc -o conftest    conftest.c  >&5
configure:3848: $? = 0
configure:3870: result: 
configure:3892: checking whether we are cross compiling
configure:3900: gcc -o conftest    conftest.c  >&5
configure:3904: $? = 0
configure:3911: ./conftest
configure:3915: $? = 0
configure:3930: result: no
configure:3935: checking for suffix of object files
configure:3957: gcc -c   conftest.c >&5
configure:3961: $? = 0
configure:3982: result: o
configure:3986: checking whether we are using the GNU C compiler
configure:4005: gcc -c   conftest.c >&5
configure:4005: $? = 0
configure:4014: result: yes
configure:4023: checking whether gcc accepts -g
configure:4043: gcc -c -g  conftest.c >&5
configure:4043: $? = 0
configure:4084: result: yes
configure:4101: checking for gcc option to accept ISO C89
configure:4164: gcc  -c -g -O2  conftest.c >&5
configure:4164: $? = 0
configure:4177: result: none needed
configure:4202: checking whether gcc understands -c and -o together
configure:4224: gcc -c conftest.c -o conftest2.o
configure:4227: $? = 0
configure:4224: gcc -c conftest.c -o conftest2.o
configure:4227: $? = 0
configure:4239: result: yes
configure:4258: checking dependency style of gcc
configure:4369: result: none
configure:4384: checking for gcc option to accept ISO C99
configure:4533: gcc  -c -g -O2  conftest.c >&5
configure:4533: $? = 0
configure:4546: result: none needed
configure:4567: checking how to run the C preprocessor
configure:4598: gcc -E  conftest.c
configure:4598: $? = 0
configure:4612: gcc -E  conftest.c
conftest.c:11:28: fatal error: ac_nonexistent.h: No such file or directory
compilation terminated.
configure:4612: $? = 1
configure: failed program was:
| /* confdefs.h */
| #define PACKAGE_NAME "openvswitch"
| #define PACKAGE_TARNAME "openvswitch"
| #define PACKAGE_VERSION "2.5.5"
| #define PACKAGE_STRING "openvswitch 2.5.5"
| #define PACKAGE_BUGREPORT "bugs@openvswitch.org"
| #define PACKAGE_URL ""
| #define PACKAGE "openvswitch"
| #define VERSION "2.5.5"
| /* end confdefs.h.  */
| #include <ac_nonexistent.h>
configure:4637: result: gcc -E
configure:4657: gcc -E  conftest.c
configure:4657: $? = 0
configure:4671: gcc -E  conftest.c
conftest.c:11:28: fatal error: ac_nonexistent.h: No such file or directory
compilation terminated.
configure:4671: $? = 1
configure: failed program was:
| /* confdefs.h */
| #define PACKAGE_NAME "openvswitch"
| #define PACKAGE_TARNAME "openvswitch"
| #define PACKAGE_VERSION "2.5.5"
| #define PACKAGE_STRING "openvswitch 2.5.5"
| #define PACKAGE_BUGREPORT "bugs@openvswitch.org"
| #define PACKAGE_URL ""
| #define PACKAGE "openvswitch"
| #define VERSION "2.5.5"
| /* end confdefs.h.  */
| #include <ac_nonexistent.h>
configure:4700: checking for grep that handles long lines and -e
configure:4758: result: /bin/grep
configure:4763: checking for fgrep
configure:4825: result: /bin/grep -F
configure:4830: checking for egrep
configure:4892: result: /bin/grep -E
configure:4901: checking for perl
configure:4919: found /usr/bin/perl
configure:4932: result: /usr/bin/perl
configure:4950: checking for ANSI C header files
configure:4970: gcc -c -g -O2  conftest.c >&5
configure:4970: $? = 0
configure:5043: gcc -o conftest -g -O2   conftest.c  >&5
configure:5043: $? = 0
configure:5043: ./conftest
configure:5043: $? = 0
configure:5054: result: yes
configure:5067: checking for sys/types.h
configure:5067: gcc -c -g -O2  conftest.c >&5
configure:5067: $? = 0
configure:5067: result: yes
configure:5067: checking for sys/stat.h
configure:5067: gcc -c -g -O2  conftest.c >&5
configure:5067: $? = 0
configure:5067: result: yes
configure:5067: checking for stdlib.h
configure:5067: gcc -c -g -O2  conftest.c >&5
configure:5067: $? = 0
configure:5067: result: yes
configure:5067: checking for string.h
configure:5067: gcc -c -g -O2  conftest.c >&5
configure:5067: $? = 0
configure:5067: result: yes
configure:5067: checking for memory.h
configure:5067: gcc -c -g -O2  conftest.c >&5
configure:5067: $? = 0
configure:5067: result: yes
configure:5067: checking for strings.h
configure:5067: gcc -c -g -O2  conftest.c >&5
configure:5067: $? = 0
configure:5067: result: yes
configure:5067: checking for inttypes.h
configure:5067: gcc -c -g -O2  conftest.c >&5
configure:5067: $? = 0
configure:5067: result: yes
configure:5067: checking for stdint.h
configure:5067: gcc -c -g -O2  conftest.c >&5
configure:5067: $? = 0
configure:5067: result: yes
configure:5067: checking for unistd.h
configure:5067: gcc -c -g -O2  conftest.c >&5
configure:5067: $? = 0
configure:5067: result: yes
configure:5080: checking minix/config.h usability
configure:5080: gcc -c -g -O2  conftest.c >&5
conftest.c:54:26: fatal error: minix/config.h: No such file or directory
compilation terminated.
configure:5080: $? = 1
configure: failed program was:
| /* confdefs.h */
| #define PACKAGE_NAME "openvswitch"
| #define PACKAGE_TARNAME "openvswitch"
| #define PACKAGE_VERSION "2.5.5"
| #define PACKAGE_STRING "openvswitch 2.5.5"
| #define PACKAGE_BUGREPORT "bugs@openvswitch.org"
| #define PACKAGE_URL ""
| #define PACKAGE "openvswitch"
| #define VERSION "2.5.5"
| #define STDC_HEADERS 1
| #define HAVE_SYS_TYPES_H 1
| #define HAVE_SYS_STAT_H 1
| #define HAVE_STDLIB_H 1
| #define HAVE_STRING_H 1
| #define HAVE_MEMORY_H 1
| #define HAVE_STRINGS_H 1
| #define HAVE_INTTYPES_H 1
| #define HAVE_STDINT_H 1
| #define HAVE_UNISTD_H 1
| /* end confdefs.h.  */
| #include <stdio.h>
| #ifdef HAVE_SYS_TYPES_H
| # include <sys/types.h>
| #endif
| #ifdef HAVE_SYS_STAT_H
| # include <sys/stat.h>
| #endif
| #ifdef STDC_HEADERS
| # include <stdlib.h>
| # include <stddef.h>
| #else
| # ifdef HAVE_STDLIB_H
| #  include <stdlib.h>
| # endif
| #endif
| #ifdef HAVE_STRING_H
| # if !defined STDC_HEADERS && defined HAVE_MEMORY_H
| #  include <memory.h>
| # endif
| # include <string.h>
| #endif
| #ifdef HAVE_STRINGS_H
| # include <strings.h>
| #endif
| #ifdef HAVE_INTTYPES_H
| # include <inttypes.h>
| #endif
| #ifdef HAVE_STDINT_H
| # include <stdint.h>
| #endif
| #ifdef HAVE_UNISTD_H
| # include <unistd.h>
| #endif
| #include <minix/config.h>
configure:5080: result: no
configure:5080: checking minix/config.h presence
configure:5080: gcc -E  conftest.c
conftest.c:21:26: fatal error: minix/config.h: No such file or directory
compilation terminated.
configure:5080: $? = 1
configure: failed program was:
| /* confdefs.h */
| #define PACKAGE_NAME "openvswitch"
| #define PACKAGE_TARNAME "openvswitch"
| #define PACKAGE_VERSION "2.5.5"
| #define PACKAGE_STRING "openvswitch 2.5.5"
| #define PACKAGE_BUGREPORT "bugs@openvswitch.org"
| #define PACKAGE_URL ""
| #define PACKAGE "openvswitch"
| #define VERSION "2.5.5"
| #define STDC_HEADERS 1
| #define HAVE_SYS_TYPES_H 1
| #define HAVE_SYS_STAT_H 1
| #define HAVE_STDLIB_H 1
| #define HAVE_STRING_H 1
| #define HAVE_MEMORY_H 1
| #define HAVE_STRINGS_H 1
| #define HAVE_INTTYPES_H 1
| #define HAVE_STDINT_H 1
| #define HAVE_UNISTD_H 1
| /* end confdefs.h.  */
| #include <minix/config.h>
configure:5080: result: no
configure:5080: checking for minix/config.h
configure:5080: result: no
configure:5101: checking whether it is safe to define __EXTENSIONS__
configure:5119: gcc -c -g -O2  conftest.c >&5
configure:5119: $? = 0
configure:5126: result: yes
configure:5140: checking whether byte ordering is bigendian
configure:5155: gcc -c -g -O2  conftest.c >&5
conftest.c:27:9: error: unknown type name 'not'
         not a universal capable compiler
         ^
conftest.c:27:15: error: expected '=', ',', ';', 'asm' or '__attribute__' before 'universal'
         not a universal capable compiler
               ^
conftest.c:27:15: error: unknown type name 'universal'
configure:5155: $? = 1
configure: failed program was:
| /* confdefs.h */
| #define PACKAGE_NAME "openvswitch"
| #define PACKAGE_TARNAME "openvswitch"
| #define PACKAGE_VERSION "2.5.5"
| #define PACKAGE_STRING "openvswitch 2.5.5"
| #define PACKAGE_BUGREPORT "bugs@openvswitch.org"
| #define PACKAGE_URL ""
| #define PACKAGE "openvswitch"
| #define VERSION "2.5.5"
| #define STDC_HEADERS 1
| #define HAVE_SYS_TYPES_H 1
| #define HAVE_SYS_STAT_H 1
| #define HAVE_STDLIB_H 1
| #define HAVE_STRING_H 1
| #define HAVE_MEMORY_H 1
| #define HAVE_STRINGS_H 1
| #define HAVE_INTTYPES_H 1
| #define HAVE_STDINT_H 1
| #define HAVE_UNISTD_H 1
| #define __EXTENSIONS__ 1
| #define _ALL_SOURCE 1
| #define _GNU_SOURCE 1
| #define _POSIX_PTHREAD_SEMANTICS 1
| #define _TANDEM_SOURCE 1
| /* end confdefs.h.  */
| #ifndef __APPLE_CC__
| 	       not a universal capable compiler
| 	     #endif
| 	     typedef int dummy;
| 
configure:5200: gcc -c -g -O2  conftest.c >&5
configure:5200: $? = 0
configure:5218: gcc -c -g -O2  conftest.c >&5
conftest.c: In function 'main':
conftest.c:33:4: error: unknown type name 'not'
    not big endian
    ^
conftest.c:33:12: error: expected '=', ',', ';', 'asm' or '__attribute__' before 'endian'
    not big endian
            ^
configure:5218: $? = 1
configure: failed program was:
| /* confdefs.h */
| #define PACKAGE_NAME "openvswitch"
| #define PACKAGE_TARNAME "openvswitch"
| #define PACKAGE_VERSION "2.5.5"
| #define PACKAGE_STRING "openvswitch 2.5.5"
| #define PACKAGE_BUGREPORT "bugs@openvswitch.org"
| #define PACKAGE_URL ""
| #define PACKAGE "openvswitch"
| #define VERSION "2.5.5"
| #define STDC_HEADERS 1
| #define HAVE_SYS_TYPES_H 1
| #define HAVE_SYS_STAT_H 1
| #define HAVE_STDLIB_H 1
| #define HAVE_STRING_H 1
| #define HAVE_MEMORY_H 1
| #define HAVE_STRINGS_H 1
| #define HAVE_INTTYPES_H 1
| #define HAVE_STDINT_H 1
| #define HAVE_UNISTD_H 1
| #define __EXTENSIONS__ 1
| #define _ALL_SOURCE 1
| #define _GNU_SOURCE 1
| #define _POSIX_PTHREAD_SEMANTICS 1
| #define _TANDEM_SOURCE 1
| /* end confdefs.h.  */
| #include <sys/types.h>
| 		#include <sys/param.h>
| 
| int
| main ()
| {
| #if BYTE_ORDER != BIG_ENDIAN
| 		 not big endian
| 		#endif
| 
|   ;
|   return 0;
| }
configure:5346: result: no
configure:5371: checking for special C compiler options needed for large files
configure:5416: result: no
configure:5422: checking for _FILE_OFFSET_BITS value needed for large files
configure:5447: gcc -c -g -O2  conftest.c >&5
configure:5447: $? = 0
configure:5479: result: no
configure:5594: checking build system type
configure:5608: result: x86_64-pc-linux-gnu
configure:5628: checking host system type
configure:5641: result: x86_64-pc-linux-gnu
configure:5682: checking how to print strings
configure:5709: result: printf
configure:5730: checking for a sed that does not truncate output
configure:5794: result: /bin/sed
configure:5842: checking for ld used by gcc
configure:5909: result: /usr/bin/ld
configure:5916: checking if the linker (/usr/bin/ld) is GNU ld
configure:5931: result: yes
configure:5943: checking for BSD- or MS-compatible name lister (nm)
configure:5997: result: /usr/bin/nm -B
configure:6127: checking the name lister (/usr/bin/nm -B) interface
configure:6134: gcc -c -g -O2  conftest.c >&5
configure:6137: /usr/bin/nm -B "conftest.o"
configure:6140: output
0000000000000000 B some_variable
configure:6147: result: BSD nm
configure:6150: checking whether ln -s works
configure:6154: result: yes
configure:6162: checking the maximum length of command line arguments
configure:6293: result: 1572864
configure:6341: checking how to convert x86_64-pc-linux-gnu file names to x86_64-pc-linux-gnu format
configure:6381: result: func_convert_file_noop
configure:6388: checking how to convert x86_64-pc-linux-gnu file names to toolchain format
configure:6408: result: func_convert_file_noop
configure:6415: checking for /usr/bin/ld option to reload object files
configure:6422: result: -r
configure:6496: checking for objdump
configure:6512: found /usr/bin/objdump
configure:6523: result: objdump
configure:6555: checking how to recognize dependent libraries
configure:6755: result: pass_all
configure:6840: checking for dlltool
configure:6870: result: no
configure:6900: checking how to associate runtime and link libraries
configure:6927: result: printf %s\n
configure:6987: checking for ar
configure:7003: found /usr/bin/ar
configure:7014: result: ar
configure:7051: checking for archiver @FILE support
configure:7068: gcc -c -g -O2  conftest.c >&5
configure:7068: $? = 0
configure:7071: ar cru libconftest.a @conftest.lst >&5
ar: `u' modifier ignored since `D' is the default (see `U')
configure:7074: $? = 0
configure:7079: ar cru libconftest.a @conftest.lst >&5
ar: `u' modifier ignored since `D' is the default (see `U')
ar: conftest.o: No such file or directory
configure:7082: $? = 1
configure:7094: result: @
configure:7152: checking for strip
configure:7168: found /usr/bin/strip
configure:7179: result: strip
configure:7251: checking for ranlib
configure:7267: found /usr/bin/ranlib
configure:7278: result: ranlib
configure:7380: checking command to parse /usr/bin/nm -B output from gcc object
configure:7533: gcc -c -g -O2  conftest.c >&5
configure:7536: $? = 0
configure:7540: /usr/bin/nm -B conftest.o \| sed -n -e 's/^.*[ ]\([ABCDGIRSTW][ABCDGIRSTW]*\)[ ][ ]*\([_A-Za-z][_A-Za-z0-9]*\)$/\1 \2 \2/p' | sed '/ __gnu_lto/d' \> conftest.nm
configure:7543: $? = 0
configure:7609: gcc -o conftest -g -O2   conftest.c conftstm.o >&5
configure:7612: $? = 0
configure:7650: result: ok
configure:7697: checking for sysroot
configure:7727: result: no
configure:7734: checking for a working dd
configure:7772: result: /bin/dd
configure:7776: checking how to truncate binary pipes
configure:7791: result: /bin/dd bs=4096 count=1
configure:7927: gcc -c -g -O2  conftest.c >&5
configure:7930: $? = 0
configure:8120: checking for mt
configure:8136: found /bin/mt
configure:8147: result: mt
configure:8170: checking if mt is a manifest tool
configure:8176: mt '-?'
configure:8184: result: no
configure:8858: checking for dlfcn.h
configure:8858: gcc -c -g -O2  conftest.c >&5
configure:8858: $? = 0
configure:8858: result: yes
configure:9113: checking for objdir
configure:9128: result: .libs
configure:9392: checking if gcc supports -fno-rtti -fno-exceptions
configure:9410: gcc -c -g -O2  -fno-rtti -fno-exceptions conftest.c >&5
cc1: warning: command line option '-fno-rtti' is valid for C++/ObjC++ but not for C
configure:9414: $? = 0
configure:9427: result: no
configure:9785: checking for gcc option to produce PIC
configure:9792: result: -fPIC -DPIC
configure:9800: checking if gcc PIC flag -fPIC -DPIC works
configure:9818: gcc -c -g -O2  -fPIC -DPIC -DPIC conftest.c >&5
configure:9822: $? = 0
configure:9835: result: yes
configure:9864: checking if gcc static flag -static works
configure:9892: result: yes
configure:9907: checking if gcc supports -c -o file.o
configure:9928: gcc -c -g -O2  -o out/conftest2.o conftest.c >&5
configure:9932: $? = 0
configure:9954: result: yes
configure:9962: checking if gcc supports -c -o file.o
configure:10009: result: yes
configure:10042: checking whether the gcc linker (/usr/bin/ld -m elf_x86_64) supports shared libraries
configure:11305: result: yes
configure:11545: checking dynamic linker characteristics
configure:12126: gcc -o conftest -g -O2   -Wl,-rpath -Wl,/foo conftest.c  >&5
configure:12126: $? = 0
configure:12375: result: GNU/Linux ld.so
configure:12497: checking how to hardcode library paths into programs
configure:12522: result: immediate
configure:13070: checking whether stripping libraries is possible
configure:13075: result: yes
configure:13110: checking if libtool supports shared libraries
configure:13112: result: yes
configure:13115: checking whether to build shared libraries
configure:13140: result: no
configure:13143: checking whether to build static libraries
configure:13147: result: yes
configure:13220: checking for library containing pow
configure:13251: gcc -o conftest -g -O2   conftest.c  >&5
conftest.c:35:6: warning: conflicting types for built-in function 'pow'
 char pow ();
      ^
/tmp/cc2Vr9Hk.o: In function `main':
/home/peid/openvswitch/openvswitch-2.5.5/conftest.c:39: undefined reference to `pow'
collect2: error: ld returned 1 exit status
configure:13251: $? = 1
configure: failed program was:
| /* confdefs.h */
| #define PACKAGE_NAME "openvswitch"
| #define PACKAGE_TARNAME "openvswitch"
| #define PACKAGE_VERSION "2.5.5"
| #define PACKAGE_STRING "openvswitch 2.5.5"
| #define PACKAGE_BUGREPORT "bugs@openvswitch.org"
| #define PACKAGE_URL ""
| #define PACKAGE "openvswitch"
| #define VERSION "2.5.5"
| #define STDC_HEADERS 1
| #define HAVE_SYS_TYPES_H 1
| #define HAVE_SYS_STAT_H 1
| #define HAVE_STDLIB_H 1
| #define HAVE_STRING_H 1
| #define HAVE_MEMORY_H 1
| #define HAVE_STRINGS_H 1
| #define HAVE_INTTYPES_H 1
| #define HAVE_STDINT_H 1
| #define HAVE_UNISTD_H 1
| #define __EXTENSIONS__ 1
| #define _ALL_SOURCE 1
| #define _GNU_SOURCE 1
| #define _POSIX_PTHREAD_SEMANTICS 1
| #define _TANDEM_SOURCE 1
| #define HAVE_DLFCN_H 1
| #define LT_OBJDIR ".libs/"
| /* end confdefs.h.  */
| 
| /* Override any GCC internal prototype to avoid an error.
|    Use char because int might match the return type of a GCC
|    builtin and then its argument prototype would still apply.  */
| #ifdef __cplusplus
| extern "C"
| #endif
| char pow ();
| int
| main ()
| {
| return pow ();
|   ;
|   return 0;
| }
configure:13251: gcc -o conftest -g -O2   conftest.c -lm   >&5
conftest.c:35:6: warning: conflicting types for built-in function 'pow'
 char pow ();
      ^
configure:13251: $? = 0
configure:13268: result: -lm
configure:13276: checking for library containing clock_gettime
configure:13307: gcc -o conftest -g -O2   conftest.c -lm  >&5
configure:13307: $? = 0
configure:13324: result: none required
configure:13332: checking for library containing timer_create
configure:13363: gcc -o conftest -g -O2   conftest.c -lm  >&5
/tmp/cciRIE8z.o: In function `main':
/home/peid/openvswitch/openvswitch-2.5.5/conftest.c:39: undefined reference to `timer_create'
collect2: error: ld returned 1 exit status
configure:13363: $? = 1
configure: failed program was:
| /* confdefs.h */
| #define PACKAGE_NAME "openvswitch"
| #define PACKAGE_TARNAME "openvswitch"
| #define PACKAGE_VERSION "2.5.5"
| #define PACKAGE_STRING "openvswitch 2.5.5"
| #define PACKAGE_BUGREPORT "bugs@openvswitch.org"
| #define PACKAGE_URL ""
| #define PACKAGE "openvswitch"
| #define VERSION "2.5.5"
| #define STDC_HEADERS 1
| #define HAVE_SYS_TYPES_H 1
| #define HAVE_SYS_STAT_H 1
| #define HAVE_STDLIB_H 1
| #define HAVE_STRING_H 1
| #define HAVE_MEMORY_H 1
| #define HAVE_STRINGS_H 1
| #define HAVE_INTTYPES_H 1
| #define HAVE_STDINT_H 1
| #define HAVE_UNISTD_H 1
| #define __EXTENSIONS__ 1
| #define _ALL_SOURCE 1
| #define _GNU_SOURCE 1
| #define _POSIX_PTHREAD_SEMANTICS 1
| #define _TANDEM_SOURCE 1
| #define HAVE_DLFCN_H 1
| #define LT_OBJDIR ".libs/"
| /* end confdefs.h.  */
| 
| /* Override any GCC internal prototype to avoid an error.
|    Use char because int might match the return type of a GCC
|    builtin and then its argument prototype would still apply.  */
| #ifdef __cplusplus
| extern "C"
| #endif
| char timer_create ();
| int
| main ()
| {
| return timer_create ();
|   ;
|   return 0;
| }
configure:13363: gcc -o conftest -g -O2   conftest.c -lrt  -lm  >&5
configure:13363: $? = 0
configure:13380: result: -lrt
configure:13388: checking for library containing pthread_create
configure:13419: gcc -o conftest -g -O2   conftest.c -lrt -lm  >&5
/tmp/ccsDaqfE.o: In function `main':
/home/peid/openvswitch/openvswitch-2.5.5/conftest.c:39: undefined reference to `pthread_create'
collect2: error: ld returned 1 exit status
configure:13419: $? = 1
configure: failed program was:
| /* confdefs.h */
| #define PACKAGE_NAME "openvswitch"
| #define PACKAGE_TARNAME "openvswitch"
| #define PACKAGE_VERSION "2.5.5"
| #define PACKAGE_STRING "openvswitch 2.5.5"
| #define PACKAGE_BUGREPORT "bugs@openvswitch.org"
| #define PACKAGE_URL ""
| #define PACKAGE "openvswitch"
| #define VERSION "2.5.5"
| #define STDC_HEADERS 1
| #define HAVE_SYS_TYPES_H 1
| #define HAVE_SYS_STAT_H 1
| #define HAVE_STDLIB_H 1
| #define HAVE_STRING_H 1
| #define HAVE_MEMORY_H 1
| #define HAVE_STRINGS_H 1
| #define HAVE_INTTYPES_H 1
| #define HAVE_STDINT_H 1
| #define HAVE_UNISTD_H 1
| #define __EXTENSIONS__ 1
| #define _ALL_SOURCE 1
| #define _GNU_SOURCE 1
| #define _POSIX_PTHREAD_SEMANTICS 1
| #define _TANDEM_SOURCE 1
| #define HAVE_DLFCN_H 1
| #define LT_OBJDIR ".libs/"
| /* end confdefs.h.  */
| 
| /* Override any GCC internal prototype to avoid an error.
|    Use char because int might match the return type of a GCC
|    builtin and then its argument prototype would still apply.  */
| #ifdef __cplusplus
| extern "C"
| #endif
| char pthread_create ();
| int
| main ()
| {
| return pthread_create ();
|   ;
|   return 0;
| }
configure:13419: gcc -o conftest -g -O2   conftest.c -lpthread  -lrt -lm  >&5
configure:13419: $? = 0
configure:13436: result: -lpthread
configure:13444: checking whether strerror_r is declared
configure:13444: gcc -c -g -O2  conftest.c >&5
configure:13444: $? = 0
configure:13444: result: yes
configure:13457: checking for strerror_r
configure:13457: gcc -o conftest -g -O2   conftest.c -lpthread -lrt -lm  >&5
configure:13457: $? = 0
configure:13457: result: yes
configure:13466: checking whether strerror_r returns char *
configure:13490: gcc -c -g -O2  conftest.c >&5
configure:13490: $? = 0
configure:13528: result: yes
configure:13537: checking vmware.h usability
configure:13537: gcc -c -g -O2  conftest.c >&5
conftest.c:64:20: fatal error: vmware.h: No such file or directory
compilation terminated.
configure:13537: $? = 1
configure: failed program was:
| /* confdefs.h */
| #define PACKAGE_NAME "openvswitch"
| #define PACKAGE_TARNAME "openvswitch"
| #define PACKAGE_VERSION "2.5.5"
| #define PACKAGE_STRING "openvswitch 2.5.5"
| #define PACKAGE_BUGREPORT "bugs@openvswitch.org"
| #define PACKAGE_URL ""
| #define PACKAGE "openvswitch"
| #define VERSION "2.5.5"
| #define STDC_HEADERS 1
| #define HAVE_SYS_TYPES_H 1
| #define HAVE_SYS_STAT_H 1
| #define HAVE_STDLIB_H 1
| #define HAVE_STRING_H 1
| #define HAVE_MEMORY_H 1
| #define HAVE_STRINGS_H 1
| #define HAVE_INTTYPES_H 1
| #define HAVE_STDINT_H 1
| #define HAVE_UNISTD_H 1
| #define __EXTENSIONS__ 1
| #define _ALL_SOURCE 1
| #define _GNU_SOURCE 1
| #define _POSIX_PTHREAD_SEMANTICS 1
| #define _TANDEM_SOURCE 1
| #define HAVE_DLFCN_H 1
| #define LT_OBJDIR ".libs/"
| #define HAVE_DECL_STRERROR_R 1
| #define HAVE_STRERROR_R 1
| #define STRERROR_R_CHAR_P 1
| /* end confdefs.h.  */
| #include <stdio.h>
| #ifdef HAVE_SYS_TYPES_H
| # include <sys/types.h>
| #endif
| #ifdef HAVE_SYS_STAT_H
| # include <sys/stat.h>
| #endif
| #ifdef STDC_HEADERS
| # include <stdlib.h>
| # include <stddef.h>
| #else
| # ifdef HAVE_STDLIB_H
| #  include <stdlib.h>
| # endif
| #endif
| #ifdef HAVE_STRING_H
| # if !defined STDC_HEADERS && defined HAVE_MEMORY_H
| #  include <memory.h>
| # endif
| # include <string.h>
| #endif
| #ifdef HAVE_STRINGS_H
| # include <strings.h>
| #endif
| #ifdef HAVE_INTTYPES_H
| # include <inttypes.h>
| #endif
| #ifdef HAVE_STDINT_H
| # include <stdint.h>
| #endif
| #ifdef HAVE_UNISTD_H
| # include <unistd.h>
| #endif
| #include <vmware.h>
configure:13537: result: no
configure:13537: checking vmware.h presence
configure:13537: gcc -E  conftest.c
conftest.c:31:20: fatal error: vmware.h: No such file or directory
compilation terminated.
configure:13537: $? = 1
configure: failed program was:
| /* confdefs.h */
| #define PACKAGE_NAME "openvswitch"
| #define PACKAGE_TARNAME "openvswitch"
| #define PACKAGE_VERSION "2.5.5"
| #define PACKAGE_STRING "openvswitch 2.5.5"
| #define PACKAGE_BUGREPORT "bugs@openvswitch.org"
| #define PACKAGE_URL ""
| #define PACKAGE "openvswitch"
| #define VERSION "2.5.5"
| #define STDC_HEADERS 1
| #define HAVE_SYS_TYPES_H 1
| #define HAVE_SYS_STAT_H 1
| #define HAVE_STDLIB_H 1
| #define HAVE_STRING_H 1
| #define HAVE_MEMORY_H 1
| #define HAVE_STRINGS_H 1
| #define HAVE_INTTYPES_H 1
| #define HAVE_STDINT_H 1
| #define HAVE_UNISTD_H 1
| #define __EXTENSIONS__ 1
| #define _ALL_SOURCE 1
| #define _GNU_SOURCE 1
| #define _POSIX_PTHREAD_SEMANTICS 1
| #define _TANDEM_SOURCE 1
| #define HAVE_DLFCN_H 1
| #define LT_OBJDIR ".libs/"
| #define HAVE_DECL_STRERROR_R 1
| #define HAVE_STRERROR_R 1
| #define STRERROR_R_CHAR_P 1
| /* end confdefs.h.  */
| #include <vmware.h>
configure:13537: result: no
configure:13537: checking for vmware.h
configure:13537: result: no
configure:13558: checking for MSVC x64 compiler
configure:13571: result: no
configure:13575: checking windows.h usability
configure:13575: gcc -c -g -O2  conftest.c >&5
conftest.c:64:21: fatal error: windows.h: No such file or directory
compilation terminated.
configure:13575: $? = 1
configure: failed program was:
| /* confdefs.h */
| #define PACKAGE_NAME "openvswitch"
| #define PACKAGE_TARNAME "openvswitch"
| #define PACKAGE_VERSION "2.5.5"
| #define PACKAGE_STRING "openvswitch 2.5.5"
| #define PACKAGE_BUGREPORT "bugs@openvswitch.org"
| #define PACKAGE_URL ""
| #define PACKAGE "openvswitch"
| #define VERSION "2.5.5"
| #define STDC_HEADERS 1
| #define HAVE_SYS_TYPES_H 1
| #define HAVE_SYS_STAT_H 1
| #define HAVE_STDLIB_H 1
| #define HAVE_STRING_H 1
| #define HAVE_MEMORY_H 1
| #define HAVE_STRINGS_H 1
| #define HAVE_INTTYPES_H 1
| #define HAVE_STDINT_H 1
| #define HAVE_UNISTD_H 1
| #define __EXTENSIONS__ 1
| #define _ALL_SOURCE 1
| #define _GNU_SOURCE 1
| #define _POSIX_PTHREAD_SEMANTICS 1
| #define _TANDEM_SOURCE 1
| #define HAVE_DLFCN_H 1
| #define LT_OBJDIR ".libs/"
| #define HAVE_DECL_STRERROR_R 1
| #define HAVE_STRERROR_R 1
| #define STRERROR_R_CHAR_P 1
| /* end confdefs.h.  */
| #include <stdio.h>
| #ifdef HAVE_SYS_TYPES_H
| # include <sys/types.h>
| #endif
| #ifdef HAVE_SYS_STAT_H
| # include <sys/stat.h>
| #endif
| #ifdef STDC_HEADERS
| # include <stdlib.h>
| # include <stddef.h>
| #else
| # ifdef HAVE_STDLIB_H
| #  include <stdlib.h>
| # endif
| #endif
| #ifdef HAVE_STRING_H
| # if !defined STDC_HEADERS && defined HAVE_MEMORY_H
| #  include <memory.h>
| # endif
| # include <string.h>
| #endif
| #ifdef HAVE_STRINGS_H
| # include <strings.h>
| #endif
| #ifdef HAVE_INTTYPES_H
| # include <inttypes.h>
| #endif
| #ifdef HAVE_STDINT_H
| # include <stdint.h>
| #endif
| #ifdef HAVE_UNISTD_H
| # include <unistd.h>
| #endif
| #include <windows.h>
configure:13575: result: no
configure:13575: checking windows.h presence
configure:13575: gcc -E  conftest.c
conftest.c:31:21: fatal error: windows.h: No such file or directory
compilation terminated.
configure:13575: $? = 1
configure: failed program was:
| /* confdefs.h */
| #define PACKAGE_NAME "openvswitch"
| #define PACKAGE_TARNAME "openvswitch"
| #define PACKAGE_VERSION "2.5.5"
| #define PACKAGE_STRING "openvswitch 2.5.5"
| #define PACKAGE_BUGREPORT "bugs@openvswitch.org"
| #define PACKAGE_URL ""
| #define PACKAGE "openvswitch"
| #define VERSION "2.5.5"
| #define STDC_HEADERS 1
| #define HAVE_SYS_TYPES_H 1
| #define HAVE_SYS_STAT_H 1
| #define HAVE_STDLIB_H 1
| #define HAVE_STRING_H 1
| #define HAVE_MEMORY_H 1
| #define HAVE_STRINGS_H 1
| #define HAVE_INTTYPES_H 1
| #define HAVE_STDINT_H 1
| #define HAVE_UNISTD_H 1
| #define __EXTENSIONS__ 1
| #define _ALL_SOURCE 1
| #define _GNU_SOURCE 1
| #define _POSIX_PTHREAD_SEMANTICS 1
| #define _TANDEM_SOURCE 1
| #define HAVE_DLFCN_H 1
| #define LT_OBJDIR ".libs/"
| #define HAVE_DECL_STRERROR_R 1
| #define HAVE_STRERROR_R 1
| #define STRERROR_R_CHAR_P 1
| /* end confdefs.h.  */
| #include <windows.h>
configure:13575: result: no
configure:13575: checking for windows.h
configure:13575: result: no
configure:13735: checking for linux/netlink.h
configure:13735: gcc -c -g -O2  conftest.c >&5
configure:13735: $? = 0
configure:13735: result: yes
configure:13791: checking for pkg-config
configure:13809: found /usr/bin/pkg-config
configure:13821: result: /usr/bin/pkg-config
configure:13881: checking whether compiling and linking against OpenSSL works
Trying link with SSL_LDFLAGS=; SSL_LIBS=-lssl -lcrypto; SSL_INCLUDES=
configure:13903: gcc -o conftest -g -O2     conftest.c -lssl -lcrypto -lpthread -lrt -lm  >&5
configure:13903: $? = 0
configure:13905: result: yes
configure:13972: checking for capng_clear in -lcap-ng
configure:13997: gcc -o conftest -g -O2   conftest.c -lcap-ng  -lpthread -lrt -lm  >&5
/usr/bin/ld: cannot find -lcap-ng
collect2: error: ld returned 1 exit status
configure:13997: $? = 1
configure: failed program was:
| /* confdefs.h */
| #define PACKAGE_NAME "openvswitch"
| #define PACKAGE_TARNAME "openvswitch"
| #define PACKAGE_VERSION "2.5.5"
| #define PACKAGE_STRING "openvswitch 2.5.5"
| #define PACKAGE_BUGREPORT "bugs@openvswitch.org"
| #define PACKAGE_URL ""
| #define PACKAGE "openvswitch"
| #define VERSION "2.5.5"
| #define STDC_HEADERS 1
| #define HAVE_SYS_TYPES_H 1
| #define HAVE_SYS_STAT_H 1
| #define HAVE_STDLIB_H 1
| #define HAVE_STRING_H 1
| #define HAVE_MEMORY_H 1
| #define HAVE_STRINGS_H 1
| #define HAVE_INTTYPES_H 1
| #define HAVE_STDINT_H 1
| #define HAVE_UNISTD_H 1
| #define __EXTENSIONS__ 1
| #define _ALL_SOURCE 1
| #define _GNU_SOURCE 1
| #define _POSIX_PTHREAD_SEMANTICS 1
| #define _TANDEM_SOURCE 1
| #define HAVE_DLFCN_H 1
| #define LT_OBJDIR ".libs/"
| #define HAVE_DECL_STRERROR_R 1
| #define HAVE_STRERROR_R 1
| #define STRERROR_R_CHAR_P 1
| #define VSTUDIO_DDK 1
| #define HAVE_NETLINK 1
| #define HAVE_OPENSSL 1
| /* end confdefs.h.  */
| 
| /* Override any GCC internal prototype to avoid an error.
|    Use char because int might match the return type of a GCC
|    builtin and then its argument prototype would still apply.  */
| #ifdef __cplusplus
| extern "C"
| #endif
| char capng_clear ();
| int
| main ()
| {
| return capng_clear ();
|   ;
|   return 0;
| }
configure:14006: result: no
configure:14020: WARNING: cannot find libcap-ng.
--user option will not be supported on Linux.
(you may use --disable-libcapng to suppress this warning). 
configure:14053: checking for Python 2.x for x >= 7
configure:14079: result: /usr/bin/python
configure:14099: checking for dot
configure:14110: result: no
configure:14120: checking net/if_packet.h usability
configure:14120: gcc -c -g -O2  conftest.c >&5
configure:14120: $? = 0
configure:14120: result: yes
configure:14120: checking net/if_packet.h presence
configure:14120: gcc -E  conftest.c
configure:14120: $? = 0
configure:14120: result: yes
configure:14120: checking for net/if_packet.h
configure:14120: result: yes
configure:14141: checking net/if_dl.h usability
configure:14141: gcc -c -g -O2  conftest.c >&5
conftest.c:68:23: fatal error: net/if_dl.h: No such file or directory
compilation terminated.
configure:14141: $? = 1
configure: failed program was:
| /* confdefs.h */
| #define PACKAGE_NAME "openvswitch"
| #define PACKAGE_TARNAME "openvswitch"
| #define PACKAGE_VERSION "2.5.5"
| #define PACKAGE_STRING "openvswitch 2.5.5"
| #define PACKAGE_BUGREPORT "bugs@openvswitch.org"
| #define PACKAGE_URL ""
| #define PACKAGE "openvswitch"
| #define VERSION "2.5.5"
| #define STDC_HEADERS 1
| #define HAVE_SYS_TYPES_H 1
| #define HAVE_SYS_STAT_H 1
| #define HAVE_STDLIB_H 1
| #define HAVE_STRING_H 1
| #define HAVE_MEMORY_H 1
| #define HAVE_STRINGS_H 1
| #define HAVE_INTTYPES_H 1
| #define HAVE_STDINT_H 1
| #define HAVE_UNISTD_H 1
| #define __EXTENSIONS__ 1
| #define _ALL_SOURCE 1
| #define _GNU_SOURCE 1
| #define _POSIX_PTHREAD_SEMANTICS 1
| #define _TANDEM_SOURCE 1
| #define HAVE_DLFCN_H 1
| #define LT_OBJDIR ".libs/"
| #define HAVE_DECL_STRERROR_R 1
| #define HAVE_STRERROR_R 1
| #define STRERROR_R_CHAR_P 1
| #define VSTUDIO_DDK 1
| #define HAVE_NETLINK 1
| #define HAVE_OPENSSL 1
| #define HAVE_IF_PACKET 1
| /* end confdefs.h.  */
| #include <stdio.h>
| #ifdef HAVE_SYS_TYPES_H
| # include <sys/types.h>
| #endif
| #ifdef HAVE_SYS_STAT_H
| # include <sys/stat.h>
| #endif
| #ifdef STDC_HEADERS
| # include <stdlib.h>
| # include <stddef.h>
| #else
| # ifdef HAVE_STDLIB_H
| #  include <stdlib.h>
| # endif
| #endif
| #ifdef HAVE_STRING_H
| # if !defined STDC_HEADERS && defined HAVE_MEMORY_H
| #  include <memory.h>
| # endif
| # include <string.h>
| #endif
| #ifdef HAVE_STRINGS_H
| # include <strings.h>
| #endif
| #ifdef HAVE_INTTYPES_H
| # include <inttypes.h>
| #endif
| #ifdef HAVE_STDINT_H
| # include <stdint.h>
| #endif
| #ifdef HAVE_UNISTD_H
| # include <unistd.h>
| #endif
| #include <net/if_dl.h>
configure:14141: result: no
configure:14141: checking net/if_dl.h presence
configure:14141: gcc -E  conftest.c
conftest.c:35:23: fatal error: net/if_dl.h: No such file or directory
compilation terminated.
configure:14141: $? = 1
configure: failed program was:
| /* confdefs.h */
| #define PACKAGE_NAME "openvswitch"
| #define PACKAGE_TARNAME "openvswitch"
| #define PACKAGE_VERSION "2.5.5"
| #define PACKAGE_STRING "openvswitch 2.5.5"
| #define PACKAGE_BUGREPORT "bugs@openvswitch.org"
| #define PACKAGE_URL ""
| #define PACKAGE "openvswitch"
| #define VERSION "2.5.5"
| #define STDC_HEADERS 1
| #define HAVE_SYS_TYPES_H 1
| #define HAVE_SYS_STAT_H 1
| #define HAVE_STDLIB_H 1
| #define HAVE_STRING_H 1
| #define HAVE_MEMORY_H 1
| #define HAVE_STRINGS_H 1
| #define HAVE_INTTYPES_H 1
| #define HAVE_STDINT_H 1
| #define HAVE_UNISTD_H 1
| #define __EXTENSIONS__ 1
| #define _ALL_SOURCE 1
| #define _GNU_SOURCE 1
| #define _POSIX_PTHREAD_SEMANTICS 1
| #define _TANDEM_SOURCE 1
| #define HAVE_DLFCN_H 1
| #define LT_OBJDIR ".libs/"
| #define HAVE_DECL_STRERROR_R 1
| #define HAVE_STRERROR_R 1
| #define STRERROR_R_CHAR_P 1
| #define VSTUDIO_DDK 1
| #define HAVE_NETLINK 1
| #define HAVE_OPENSSL 1
| #define HAVE_IF_PACKET 1
| /* end confdefs.h.  */
| #include <net/if_dl.h>
configure:14141: result: no
configure:14141: checking for net/if_dl.h
configure:14141: result: no
configure:14220: checking whether strtok_r macro segfaults on some inputs
configure:14256: gcc -o conftest -g -O2   conftest.c -lpthread -lrt -lm  >&5
conftest.c: In function 'main':
conftest.c:52:28: warning: ignoring return value of 'freopen', declared with attribute warn_unused_result [-Wunused-result]
                            freopen ("/dev/null", "w", stdout);
                            ^
configure:14256: $? = 0
configure:14256: ./conftest
configure:14256: $? = 0
configure:14266: result: no
configure:14274: checking whether sys_siglist is declared
configure:14274: gcc -c -g -O2  conftest.c >&5
configure:14274: $? = 0
configure:14274: result: yes
configure:14286: checking for struct stat.st_mtim.tv_nsec
configure:14286: gcc -c -g -O2  conftest.c >&5
configure:14286: $? = 0
configure:14286: result: yes
configure:14296: checking for struct stat.st_mtimensec
configure:14296: gcc -c -g -O2  conftest.c >&5
conftest.c: In function 'main':
conftest.c:43:12: error: 'struct stat' has no member named 'st_mtimensec'
 if (ac_aggr.st_mtimensec)
            ^
configure:14296: $? = 1
configure: failed program was:
| /* confdefs.h */
| #define PACKAGE_NAME "openvswitch"
| #define PACKAGE_TARNAME "openvswitch"
| #define PACKAGE_VERSION "2.5.5"
| #define PACKAGE_STRING "openvswitch 2.5.5"
| #define PACKAGE_BUGREPORT "bugs@openvswitch.org"
| #define PACKAGE_URL ""
| #define PACKAGE "openvswitch"
| #define VERSION "2.5.5"
| #define STDC_HEADERS 1
| #define HAVE_SYS_TYPES_H 1
| #define HAVE_SYS_STAT_H 1
| #define HAVE_STDLIB_H 1
| #define HAVE_STRING_H 1
| #define HAVE_MEMORY_H 1
| #define HAVE_STRINGS_H 1
| #define HAVE_INTTYPES_H 1
| #define HAVE_STDINT_H 1
| #define HAVE_UNISTD_H 1
| #define __EXTENSIONS__ 1
| #define _ALL_SOURCE 1
| #define _GNU_SOURCE 1
| #define _POSIX_PTHREAD_SEMANTICS 1
| #define _TANDEM_SOURCE 1
| #define HAVE_DLFCN_H 1
| #define LT_OBJDIR ".libs/"
| #define HAVE_DECL_STRERROR_R 1
| #define HAVE_STRERROR_R 1
| #define STRERROR_R_CHAR_P 1
| #define VSTUDIO_DDK 1
| #define HAVE_NETLINK 1
| #define HAVE_OPENSSL 1
| #define HAVE_IF_PACKET 1
| #define HAVE_DECL_SYS_SIGLIST 1
| #define HAVE_STRUCT_STAT_ST_MTIM_TV_NSEC 1
| /* end confdefs.h.  */
| #include <sys/stat.h>
| 
| int
| main ()
| {
| static struct stat ac_aggr;
| if (ac_aggr.st_mtimensec)
| return 0;
|   ;
|   return 0;
| }
configure:14296: gcc -c -g -O2  conftest.c >&5
conftest.c: In function 'main':
conftest.c:43:19: error: 'struct stat' has no member named 'st_mtimensec'
 if (sizeof ac_aggr.st_mtimensec)
                   ^
configure:14296: $? = 1
configure: failed program was:
| /* confdefs.h */
| #define PACKAGE_NAME "openvswitch"
| #define PACKAGE_TARNAME "openvswitch"
| #define PACKAGE_VERSION "2.5.5"
| #define PACKAGE_STRING "openvswitch 2.5.5"
| #define PACKAGE_BUGREPORT "bugs@openvswitch.org"
| #define PACKAGE_URL ""
| #define PACKAGE "openvswitch"
| #define VERSION "2.5.5"
| #define STDC_HEADERS 1
| #define HAVE_SYS_TYPES_H 1
| #define HAVE_SYS_STAT_H 1
| #define HAVE_STDLIB_H 1
| #define HAVE_STRING_H 1
| #define HAVE_MEMORY_H 1
| #define HAVE_STRINGS_H 1
| #define HAVE_INTTYPES_H 1
| #define HAVE_STDINT_H 1
| #define HAVE_UNISTD_H 1
| #define __EXTENSIONS__ 1
| #define _ALL_SOURCE 1
| #define _GNU_SOURCE 1
| #define _POSIX_PTHREAD_SEMANTICS 1
| #define _TANDEM_SOURCE 1
| #define HAVE_DLFCN_H 1
| #define LT_OBJDIR ".libs/"
| #define HAVE_DECL_STRERROR_R 1
| #define HAVE_STRERROR_R 1
| #define STRERROR_R_CHAR_P 1
| #define VSTUDIO_DDK 1
| #define HAVE_NETLINK 1
| #define HAVE_OPENSSL 1
| #define HAVE_IF_PACKET 1
| #define HAVE_DECL_SYS_SIGLIST 1
| #define HAVE_STRUCT_STAT_ST_MTIM_TV_NSEC 1
| /* end confdefs.h.  */
| #include <sys/stat.h>
| 
| int
| main ()
| {
| static struct stat ac_aggr;
| if (sizeof ac_aggr.st_mtimensec)
| return 0;
|   ;
|   return 0;
| }
configure:14296: result: no
configure:14307: checking for struct ifreq.ifr_flagshigh
configure:14307: gcc -c -g -O2  conftest.c >&5
conftest.c: In function 'main':
conftest.c:43:12: error: 'struct ifreq' has no member named 'ifr_flagshigh'
 if (ac_aggr.ifr_flagshigh)
            ^
configure:14307: $? = 1
configure: failed program was:
| /* confdefs.h */
| #define PACKAGE_NAME "openvswitch"
| #define PACKAGE_TARNAME "openvswitch"
| #define PACKAGE_VERSION "2.5.5"
| #define PACKAGE_STRING "openvswitch 2.5.5"
| #define PACKAGE_BUGREPORT "bugs@openvswitch.org"
| #define PACKAGE_URL ""
| #define PACKAGE "openvswitch"
| #define VERSION "2.5.5"
| #define STDC_HEADERS 1
| #define HAVE_SYS_TYPES_H 1
| #define HAVE_SYS_STAT_H 1
| #define HAVE_STDLIB_H 1
| #define HAVE_STRING_H 1
| #define HAVE_MEMORY_H 1
| #define HAVE_STRINGS_H 1
| #define HAVE_INTTYPES_H 1
| #define HAVE_STDINT_H 1
| #define HAVE_UNISTD_H 1
| #define __EXTENSIONS__ 1
| #define _ALL_SOURCE 1
| #define _GNU_SOURCE 1
| #define _POSIX_PTHREAD_SEMANTICS 1
| #define _TANDEM_SOURCE 1
| #define HAVE_DLFCN_H 1
| #define LT_OBJDIR ".libs/"
| #define HAVE_DECL_STRERROR_R 1
| #define HAVE_STRERROR_R 1
| #define STRERROR_R_CHAR_P 1
| #define VSTUDIO_DDK 1
| #define HAVE_NETLINK 1
| #define HAVE_OPENSSL 1
| #define HAVE_IF_PACKET 1
| #define HAVE_DECL_SYS_SIGLIST 1
| #define HAVE_STRUCT_STAT_ST_MTIM_TV_NSEC 1
| /* end confdefs.h.  */
| #include <net/if.h>
| 
| int
| main ()
| {
| static struct ifreq ac_aggr;
| if (ac_aggr.ifr_flagshigh)
| return 0;
|   ;
|   return 0;
| }
configure:14307: gcc -c -g -O2  conftest.c >&5
conftest.c: In function 'main':
conftest.c:43:19: error: 'struct ifreq' has no member named 'ifr_flagshigh'
 if (sizeof ac_aggr.ifr_flagshigh)
                   ^
configure:14307: $? = 1
configure: failed program was:
| /* confdefs.h */
| #define PACKAGE_NAME "openvswitch"
| #define PACKAGE_TARNAME "openvswitch"
| #define PACKAGE_VERSION "2.5.5"
| #define PACKAGE_STRING "openvswitch 2.5.5"
| #define PACKAGE_BUGREPORT "bugs@openvswitch.org"
| #define PACKAGE_URL ""
| #define PACKAGE "openvswitch"
| #define VERSION "2.5.5"
| #define STDC_HEADERS 1
| #define HAVE_SYS_TYPES_H 1
| #define HAVE_SYS_STAT_H 1
| #define HAVE_STDLIB_H 1
| #define HAVE_STRING_H 1
| #define HAVE_MEMORY_H 1
| #define HAVE_STRINGS_H 1
| #define HAVE_INTTYPES_H 1
| #define HAVE_STDINT_H 1
| #define HAVE_UNISTD_H 1
| #define __EXTENSIONS__ 1
| #define _ALL_SOURCE 1
| #define _GNU_SOURCE 1
| #define _POSIX_PTHREAD_SEMANTICS 1
| #define _TANDEM_SOURCE 1
| #define HAVE_DLFCN_H 1
| #define LT_OBJDIR ".libs/"
| #define HAVE_DECL_STRERROR_R 1
| #define HAVE_STRERROR_R 1
| #define STRERROR_R_CHAR_P 1
| #define VSTUDIO_DDK 1
| #define HAVE_NETLINK 1
| #define HAVE_OPENSSL 1
| #define HAVE_IF_PACKET 1
| #define HAVE_DECL_SYS_SIGLIST 1
| #define HAVE_STRUCT_STAT_ST_MTIM_TV_NSEC 1
| /* end confdefs.h.  */
| #include <net/if.h>
| 
| int
| main ()
| {
| static struct ifreq ac_aggr;
| if (sizeof ac_aggr.ifr_flagshigh)
| return 0;
|   ;
|   return 0;
| }
configure:14307: result: no
configure:14321: checking for mlockall
configure:14321: gcc -o conftest -g -O2   conftest.c -lpthread -lrt -lm  >&5
configure:14321: $? = 0
configure:14321: result: yes
configure:14321: checking for strnlen
configure:14321: gcc -o conftest -g -O2   conftest.c -lpthread -lrt -lm  >&5
configure:14321: $? = 0
configure:14321: result: yes
configure:14321: checking for getloadavg
configure:14321: gcc -o conftest -g -O2   conftest.c -lpthread -lrt -lm  >&5
configure:14321: $? = 0
configure:14321: result: yes
configure:14321: checking for statvfs
configure:14321: gcc -o conftest -g -O2   conftest.c -lpthread -lrt -lm  >&5
configure:14321: $? = 0
configure:14321: result: yes
configure:14321: checking for getmntent_r
configure:14321: gcc -o conftest -g -O2   conftest.c -lpthread -lrt -lm  >&5
configure:14321: $? = 0
configure:14321: result: yes
configure:14333: checking mntent.h usability
configure:14333: gcc -c -g -O2  conftest.c >&5
configure:14333: $? = 0
configure:14333: result: yes
configure:14333: checking mntent.h presence
configure:14333: gcc -E  conftest.c
configure:14333: $? = 0
configure:14333: result: yes
configure:14333: checking for mntent.h
configure:14333: result: yes
configure:14333: checking sys/statvfs.h usability
configure:14333: gcc -c -g -O2  conftest.c >&5
configure:14333: $? = 0
configure:14333: result: yes
configure:14333: checking sys/statvfs.h presence
configure:14333: gcc -E  conftest.c
configure:14333: $? = 0
configure:14333: result: yes
configure:14333: checking for sys/statvfs.h
configure:14333: result: yes
configure:14333: checking linux/types.h usability
configure:14333: gcc -c -g -O2  conftest.c >&5
configure:14333: $? = 0
configure:14333: result: yes
configure:14333: checking linux/types.h presence
configure:14333: gcc -E  conftest.c
configure:14333: $? = 0
configure:14333: result: yes
configure:14333: checking for linux/types.h
configure:14333: result: yes
configure:14333: checking linux/if_ether.h usability
configure:14333: gcc -c -g -O2  conftest.c >&5
configure:14333: $? = 0
configure:14333: result: yes
configure:14333: checking linux/if_ether.h presence
configure:14333: gcc -E  conftest.c
configure:14333: $? = 0
configure:14333: result: yes
configure:14333: checking for linux/if_ether.h
configure:14333: result: yes
configure:14333: checking stdatomic.h usability
configure:14333: gcc -c -g -O2  conftest.c >&5
configure:14333: $? = 0
configure:14333: result: yes
configure:14333: checking stdatomic.h presence
configure:14333: gcc -E  conftest.c
configure:14333: $? = 0
configure:14333: result: yes
configure:14333: checking for stdatomic.h
configure:14333: result: yes
configure:14345: checking for net/if_mib.h
configure:14345: gcc -c -g -O2  conftest.c >&5
conftest.c:50:24: fatal error: net/if_mib.h: No such file or directory
compilation terminated.
configure:14345: $? = 1
configure: failed program was:
| /* confdefs.h */
| #define PACKAGE_NAME "openvswitch"
| #define PACKAGE_TARNAME "openvswitch"
| #define PACKAGE_VERSION "2.5.5"
| #define PACKAGE_STRING "openvswitch 2.5.5"
| #define PACKAGE_BUGREPORT "bugs@openvswitch.org"
| #define PACKAGE_URL ""
| #define PACKAGE "openvswitch"
| #define VERSION "2.5.5"
| #define STDC_HEADERS 1
| #define HAVE_SYS_TYPES_H 1
| #define HAVE_SYS_STAT_H 1
| #define HAVE_STDLIB_H 1
| #define HAVE_STRING_H 1
| #define HAVE_MEMORY_H 1
| #define HAVE_STRINGS_H 1
| #define HAVE_INTTYPES_H 1
| #define HAVE_STDINT_H 1
| #define HAVE_UNISTD_H 1
| #define __EXTENSIONS__ 1
| #define _ALL_SOURCE 1
| #define _GNU_SOURCE 1
| #define _POSIX_PTHREAD_SEMANTICS 1
| #define _TANDEM_SOURCE 1
| #define HAVE_DLFCN_H 1
| #define LT_OBJDIR ".libs/"
| #define HAVE_DECL_STRERROR_R 1
| #define HAVE_STRERROR_R 1
| #define STRERROR_R_CHAR_P 1
| #define VSTUDIO_DDK 1
| #define HAVE_NETLINK 1
| #define HAVE_OPENSSL 1
| #define HAVE_IF_PACKET 1
| #define HAVE_DECL_SYS_SIGLIST 1
| #define HAVE_STRUCT_STAT_ST_MTIM_TV_NSEC 1
| #define HAVE_MLOCKALL 1
| #define HAVE_STRNLEN 1
| #define HAVE_GETLOADAVG 1
| #define HAVE_STATVFS 1
| #define HAVE_GETMNTENT_R 1
| #define HAVE_MNTENT_H 1
| #define HAVE_SYS_STATVFS_H 1
| #define HAVE_LINUX_TYPES_H 1
| #define HAVE_LINUX_IF_ETHER_H 1
| #define HAVE_STDATOMIC_H 1
| /* end confdefs.h.  */
| #include <sys/types.h>
| #include <net/if.h>
| 
| #include <net/if_mib.h>
configure:14345: result: no
configure:14385: checking for library containing backtrace
configure:14416: gcc -o conftest -g -O2   conftest.c -lpthread -lrt -lm  >&5
configure:14416: $? = 0
configure:14433: result: none required
configure:14445: checking linux/perf_event.h usability
configure:14445: gcc -c -g -O2  conftest.c >&5
configure:14445: $? = 0
configure:14445: result: yes
configure:14445: checking linux/perf_event.h presence
configure:14445: gcc -E  conftest.c
configure:14445: $? = 0
configure:14445: result: yes
configure:14445: checking for linux/perf_event.h
configure:14445: result: yes
configure:14457: checking valgrind/valgrind.h usability
configure:14457: gcc -c -g -O2  conftest.c >&5
conftest.c:82:31: fatal error: valgrind/valgrind.h: No such file or directory
compilation terminated.
configure:14457: $? = 1
configure: failed program was:
| /* confdefs.h */
| #define PACKAGE_NAME "openvswitch"
| #define PACKAGE_TARNAME "openvswitch"
| #define PACKAGE_VERSION "2.5.5"
| #define PACKAGE_STRING "openvswitch 2.5.5"
| #define PACKAGE_BUGREPORT "bugs@openvswitch.org"
| #define PACKAGE_URL ""
| #define PACKAGE "openvswitch"
| #define VERSION "2.5.5"
| #define STDC_HEADERS 1
| #define HAVE_SYS_TYPES_H 1
| #define HAVE_SYS_STAT_H 1
| #define HAVE_STDLIB_H 1
| #define HAVE_STRING_H 1
| #define HAVE_MEMORY_H 1
| #define HAVE_STRINGS_H 1
| #define HAVE_INTTYPES_H 1
| #define HAVE_STDINT_H 1
| #define HAVE_UNISTD_H 1
| #define __EXTENSIONS__ 1
| #define _ALL_SOURCE 1
| #define _GNU_SOURCE 1
| #define _POSIX_PTHREAD_SEMANTICS 1
| #define _TANDEM_SOURCE 1
| #define HAVE_DLFCN_H 1
| #define LT_OBJDIR ".libs/"
| #define HAVE_DECL_STRERROR_R 1
| #define HAVE_STRERROR_R 1
| #define STRERROR_R_CHAR_P 1
| #define VSTUDIO_DDK 1
| #define HAVE_NETLINK 1
| #define HAVE_OPENSSL 1
| #define HAVE_IF_PACKET 1
| #define HAVE_DECL_SYS_SIGLIST 1
| #define HAVE_STRUCT_STAT_ST_MTIM_TV_NSEC 1
| #define HAVE_MLOCKALL 1
| #define HAVE_STRNLEN 1
| #define HAVE_GETLOADAVG 1
| #define HAVE_STATVFS 1
| #define HAVE_GETMNTENT_R 1
| #define HAVE_MNTENT_H 1
| #define HAVE_SYS_STATVFS_H 1
| #define HAVE_LINUX_TYPES_H 1
| #define HAVE_LINUX_IF_ETHER_H 1
| #define HAVE_STDATOMIC_H 1
| #define HAVE_BACKTRACE 1
| #define HAVE_LINUX_PERF_EVENT_H 1
| /* end confdefs.h.  */
| #include <stdio.h>
| #ifdef HAVE_SYS_TYPES_H
| # include <sys/types.h>
| #endif
| #ifdef HAVE_SYS_STAT_H
| # include <sys/stat.h>
| #endif
| #ifdef STDC_HEADERS
| # include <stdlib.h>
| # include <stddef.h>
| #else
| # ifdef HAVE_STDLIB_H
| #  include <stdlib.h>
| # endif
| #endif
| #ifdef HAVE_STRING_H
| # if !defined STDC_HEADERS && defined HAVE_MEMORY_H
| #  include <memory.h>
| # endif
| # include <string.h>
| #endif
| #ifdef HAVE_STRINGS_H
| # include <strings.h>
| #endif
| #ifdef HAVE_INTTYPES_H
| # include <inttypes.h>
| #endif
| #ifdef HAVE_STDINT_H
| # include <stdint.h>
| #endif
| #ifdef HAVE_UNISTD_H
| # include <unistd.h>
| #endif
| #include <valgrind/valgrind.h>
configure:14457: result: no
configure:14457: checking valgrind/valgrind.h presence
configure:14457: gcc -E  conftest.c
conftest.c:49:31: fatal error: valgrind/valgrind.h: No such file or directory
compilation terminated.
configure:14457: $? = 1
configure: failed program was:
| /* confdefs.h */
| #define PACKAGE_NAME "openvswitch"
| #define PACKAGE_TARNAME "openvswitch"
| #define PACKAGE_VERSION "2.5.5"
| #define PACKAGE_STRING "openvswitch 2.5.5"
| #define PACKAGE_BUGREPORT "bugs@openvswitch.org"
| #define PACKAGE_URL ""
| #define PACKAGE "openvswitch"
| #define VERSION "2.5.5"
| #define STDC_HEADERS 1
| #define HAVE_SYS_TYPES_H 1
| #define HAVE_SYS_STAT_H 1
| #define HAVE_STDLIB_H 1
| #define HAVE_STRING_H 1
| #define HAVE_MEMORY_H 1
| #define HAVE_STRINGS_H 1
| #define HAVE_INTTYPES_H 1
| #define HAVE_STDINT_H 1
| #define HAVE_UNISTD_H 1
| #define __EXTENSIONS__ 1
| #define _ALL_SOURCE 1
| #define _GNU_SOURCE 1
| #define _POSIX_PTHREAD_SEMANTICS 1
| #define _TANDEM_SOURCE 1
| #define HAVE_DLFCN_H 1
| #define LT_OBJDIR ".libs/"
| #define HAVE_DECL_STRERROR_R 1
| #define HAVE_STRERROR_R 1
| #define STRERROR_R_CHAR_P 1
| #define VSTUDIO_DDK 1
| #define HAVE_NETLINK 1
| #define HAVE_OPENSSL 1
| #define HAVE_IF_PACKET 1
| #define HAVE_DECL_SYS_SIGLIST 1
| #define HAVE_STRUCT_STAT_ST_MTIM_TV_NSEC 1
| #define HAVE_MLOCKALL 1
| #define HAVE_STRNLEN 1
| #define HAVE_GETLOADAVG 1
| #define HAVE_STATVFS 1
| #define HAVE_GETMNTENT_R 1
| #define HAVE_MNTENT_H 1
| #define HAVE_SYS_STATVFS_H 1
| #define HAVE_LINUX_TYPES_H 1
| #define HAVE_LINUX_IF_ETHER_H 1
| #define HAVE_STDATOMIC_H 1
| #define HAVE_BACKTRACE 1
| #define HAVE_LINUX_PERF_EVENT_H 1
| /* end confdefs.h.  */
| #include <valgrind/valgrind.h>
configure:14457: result: no
configure:14457: checking for valgrind/valgrind.h
configure:14457: result: no
configure:14467: checking for connect in -lsocket
configure:14492: gcc -o conftest -g -O2   conftest.c -lsocket  -lpthread -lrt -lm  >&5
/usr/bin/ld: cannot find -lsocket
collect2: error: ld returned 1 exit status
configure:14492: $? = 1
configure: failed program was:
| /* confdefs.h */
| #define PACKAGE_NAME "openvswitch"
| #define PACKAGE_TARNAME "openvswitch"
| #define PACKAGE_VERSION "2.5.5"
| #define PACKAGE_STRING "openvswitch 2.5.5"
| #define PACKAGE_BUGREPORT "bugs@openvswitch.org"
| #define PACKAGE_URL ""
| #define PACKAGE "openvswitch"
| #define VERSION "2.5.5"
| #define STDC_HEADERS 1
| #define HAVE_SYS_TYPES_H 1
| #define HAVE_SYS_STAT_H 1
| #define HAVE_STDLIB_H 1
| #define HAVE_STRING_H 1
| #define HAVE_MEMORY_H 1
| #define HAVE_STRINGS_H 1
| #define HAVE_INTTYPES_H 1
| #define HAVE_STDINT_H 1
| #define HAVE_UNISTD_H 1
| #define __EXTENSIONS__ 1
| #define _ALL_SOURCE 1
| #define _GNU_SOURCE 1
| #define _POSIX_PTHREAD_SEMANTICS 1
| #define _TANDEM_SOURCE 1
| #define HAVE_DLFCN_H 1
| #define LT_OBJDIR ".libs/"
| #define HAVE_DECL_STRERROR_R 1
| #define HAVE_STRERROR_R 1
| #define STRERROR_R_CHAR_P 1
| #define VSTUDIO_DDK 1
| #define HAVE_NETLINK 1
| #define HAVE_OPENSSL 1
| #define HAVE_IF_PACKET 1
| #define HAVE_DECL_SYS_SIGLIST 1
| #define HAVE_STRUCT_STAT_ST_MTIM_TV_NSEC 1
| #define HAVE_MLOCKALL 1
| #define HAVE_STRNLEN 1
| #define HAVE_GETLOADAVG 1
| #define HAVE_STATVFS 1
| #define HAVE_GETMNTENT_R 1
| #define HAVE_MNTENT_H 1
| #define HAVE_SYS_STATVFS_H 1
| #define HAVE_LINUX_TYPES_H 1
| #define HAVE_LINUX_IF_ETHER_H 1
| #define HAVE_STDATOMIC_H 1
| #define HAVE_BACKTRACE 1
| #define HAVE_LINUX_PERF_EVENT_H 1
| /* end confdefs.h.  */
| 
| /* Override any GCC internal prototype to avoid an error.
|    Use char because int might match the return type of a GCC
|    builtin and then its argument prototype would still apply.  */
| #ifdef __cplusplus
| extern "C"
| #endif
| char connect ();
| int
| main ()
| {
| return connect ();
|   ;
|   return 0;
| }
configure:14501: result: no
configure:14512: checking for library containing gethostbyname
configure:14543: gcc -o conftest -g -O2   conftest.c -lpthread -lrt -lm  >&5
configure:14543: $? = 0
configure:14560: result: none required
configure:14568: checking XenServer release
configure:14580: result: none
configure:14592: checking for groff
configure:14603: result: yes
configure:14613: checking whether make is GNU make
configure:14619: invoking make --version:
GNU Make 4.1
Built for x86_64-pc-linux-gnu
Copyright (C) 1988-2014 Free Software Foundation, Inc.
License GPLv3+: GNU GPL version 3 or later <http://gnu.org/licenses/gpl.html>
This is free software: you are free to change and redistribute it.
There is NO WARRANTY, to the extent permitted by law.
configure:14630: result: yes
configure:14640: checking whether gcc has <threads.h> that supports thread_local
configure:14657: gcc -o conftest -g -O2   conftest.c -lpthread -lrt -lm  >&5
conftest.c:49:21: fatal error: threads.h: No such file or directory
compilation terminated.
configure:14657: $? = 1
configure: failed program was:
| /* confdefs.h */
| #define PACKAGE_NAME "openvswitch"
| #define PACKAGE_TARNAME "openvswitch"
| #define PACKAGE_VERSION "2.5.5"
| #define PACKAGE_STRING "openvswitch 2.5.5"
| #define PACKAGE_BUGREPORT "bugs@openvswitch.org"
| #define PACKAGE_URL ""
| #define PACKAGE "openvswitch"
| #define VERSION "2.5.5"
| #define STDC_HEADERS 1
| #define HAVE_SYS_TYPES_H 1
| #define HAVE_SYS_STAT_H 1
| #define HAVE_STDLIB_H 1
| #define HAVE_STRING_H 1
| #define HAVE_MEMORY_H 1
| #define HAVE_STRINGS_H 1
| #define HAVE_INTTYPES_H 1
| #define HAVE_STDINT_H 1
| #define HAVE_UNISTD_H 1
| #define __EXTENSIONS__ 1
| #define _ALL_SOURCE 1
| #define _GNU_SOURCE 1
| #define _POSIX_PTHREAD_SEMANTICS 1
| #define _TANDEM_SOURCE 1
| #define HAVE_DLFCN_H 1
| #define LT_OBJDIR ".libs/"
| #define HAVE_DECL_STRERROR_R 1
| #define HAVE_STRERROR_R 1
| #define STRERROR_R_CHAR_P 1
| #define VSTUDIO_DDK 1
| #define HAVE_NETLINK 1
| #define HAVE_OPENSSL 1
| #define HAVE_IF_PACKET 1
| #define HAVE_DECL_SYS_SIGLIST 1
| #define HAVE_STRUCT_STAT_ST_MTIM_TV_NSEC 1
| #define HAVE_MLOCKALL 1
| #define HAVE_STRNLEN 1
| #define HAVE_GETLOADAVG 1
| #define HAVE_STATVFS 1
| #define HAVE_GETMNTENT_R 1
| #define HAVE_MNTENT_H 1
| #define HAVE_SYS_STATVFS_H 1
| #define HAVE_LINUX_TYPES_H 1
| #define HAVE_LINUX_IF_ETHER_H 1
| #define HAVE_STDATOMIC_H 1
| #define HAVE_BACKTRACE 1
| #define HAVE_LINUX_PERF_EVENT_H 1
| /* end confdefs.h.  */
| #include <threads.h>
| static thread_local int var;
| int
| main ()
| {
| return var;
|   ;
|   return 0;
| }
configure:14665: result: no
configure:14672: checking whether gcc supports __thread
configure:14688: gcc -o conftest -g -O2   conftest.c -lpthread -lrt -lm  >&5
configure:14688: $? = 0
configure:14696: result: yes
configure:14704: checking for library containing __atomic_load_8
configure:14735: gcc -o conftest -g -O2   conftest.c -lpthread -lrt -lm  >&5
conftest.c:57:6: warning: conflicting types for built-in function '__atomic_load_8'
 char __atomic_load_8 ();
      ^
/tmp/cca1t4Mm.o: In function `main':
/home/peid/openvswitch/openvswitch-2.5.5/conftest.c:61: undefined reference to `__atomic_load_8'
collect2: error: ld returned 1 exit status
configure:14735: $? = 1
configure: failed program was:
| /* confdefs.h */
| #define PACKAGE_NAME "openvswitch"
| #define PACKAGE_TARNAME "openvswitch"
| #define PACKAGE_VERSION "2.5.5"
| #define PACKAGE_STRING "openvswitch 2.5.5"
| #define PACKAGE_BUGREPORT "bugs@openvswitch.org"
| #define PACKAGE_URL ""
| #define PACKAGE "openvswitch"
| #define VERSION "2.5.5"
| #define STDC_HEADERS 1
| #define HAVE_SYS_TYPES_H 1
| #define HAVE_SYS_STAT_H 1
| #define HAVE_STDLIB_H 1
| #define HAVE_STRING_H 1
| #define HAVE_MEMORY_H 1
| #define HAVE_STRINGS_H 1
| #define HAVE_INTTYPES_H 1
| #define HAVE_STDINT_H 1
| #define HAVE_UNISTD_H 1
| #define __EXTENSIONS__ 1
| #define _ALL_SOURCE 1
| #define _GNU_SOURCE 1
| #define _POSIX_PTHREAD_SEMANTICS 1
| #define _TANDEM_SOURCE 1
| #define HAVE_DLFCN_H 1
| #define LT_OBJDIR ".libs/"
| #define HAVE_DECL_STRERROR_R 1
| #define HAVE_STRERROR_R 1
| #define STRERROR_R_CHAR_P 1
| #define VSTUDIO_DDK 1
| #define HAVE_NETLINK 1
| #define HAVE_OPENSSL 1
| #define HAVE_IF_PACKET 1
| #define HAVE_DECL_SYS_SIGLIST 1
| #define HAVE_STRUCT_STAT_ST_MTIM_TV_NSEC 1
| #define HAVE_MLOCKALL 1
| #define HAVE_STRNLEN 1
| #define HAVE_GETLOADAVG 1
| #define HAVE_STATVFS 1
| #define HAVE_GETMNTENT_R 1
| #define HAVE_MNTENT_H 1
| #define HAVE_SYS_STATVFS_H 1
| #define HAVE_LINUX_TYPES_H 1
| #define HAVE_LINUX_IF_ETHER_H 1
| #define HAVE_STDATOMIC_H 1
| #define HAVE_BACKTRACE 1
| #define HAVE_LINUX_PERF_EVENT_H 1
| #define HAVE___THREAD 1
| /* end confdefs.h.  */
| 
| /* Override any GCC internal prototype to avoid an error.
|    Use char because int might match the return type of a GCC
|    builtin and then its argument prototype would still apply.  */
| #ifdef __cplusplus
| extern "C"
| #endif
| char __atomic_load_8 ();
| int
| main ()
| {
| return __atomic_load_8 ();
|   ;
|   return 0;
| }
configure:14735: gcc -o conftest -g -O2   conftest.c -latomic  -lpthread -lrt -lm  >&5
conftest.c:57:6: warning: conflicting types for built-in function '__atomic_load_8'
 char __atomic_load_8 ();
      ^
configure:14735: $? = 0
configure:14752: result: -latomic
configure:14760: checking whether gcc supports GCC 4.0+ atomic built-ins
configure:14827: gcc -o conftest -g -O2   conftest.c -latomic -lpthread -lrt -lm  >&5
configure:14827: $? = 0
configure:14835: result: yes
configure:14842: checking value of __atomic_always_lock_free(1)
configure:14847: gcc -o conftest -g -O2   conftest.c -latomic -lpthread -lrt -lm  >&5
configure:14847: $? = 0
configure:14847: ./conftest
configure:14847: $? = 0
configure:14854: result: 1
configure:14863: checking value of __atomic_always_lock_free(2)
configure:14868: gcc -o conftest -g -O2   conftest.c -latomic -lpthread -lrt -lm  >&5
configure:14868: $? = 0
configure:14868: ./conftest
configure:14868: $? = 0
configure:14875: result: 1
configure:14884: checking value of __atomic_always_lock_free(4)
configure:14889: gcc -o conftest -g -O2   conftest.c -latomic -lpthread -lrt -lm  >&5
configure:14889: $? = 0
configure:14889: ./conftest
configure:14889: $? = 0
configure:14896: result: 1
configure:14905: checking value of __atomic_always_lock_free(8)
configure:14910: gcc -o conftest -g -O2   conftest.c -latomic -lpthread -lrt -lm  >&5
configure:14910: $? = 0
configure:14910: ./conftest
configure:14910: $? = 0
configure:14917: result: 1
configure:14926: checking for library containing aio_write
configure:14957: gcc -o conftest -g -O2   conftest.c -latomic -lpthread -lrt -lm  >&5
configure:14957: $? = 0
configure:14974: result: none required
configure:14992: checking for pthread_set_name_np
configure:14992: gcc -o conftest -g -O2   conftest.c -latomic -lpthread -lrt -lm  >&5
/tmp/ccK12c2L.o: In function `main':
/home/peid/openvswitch/openvswitch-2.5.5/conftest.c:89: undefined reference to `pthread_set_name_np'
collect2: error: ld returned 1 exit status
configure:14992: $? = 1
configure: failed program was:
| /* confdefs.h */
| #define PACKAGE_NAME "openvswitch"
| #define PACKAGE_TARNAME "openvswitch"
| #define PACKAGE_VERSION "2.5.5"
| #define PACKAGE_STRING "openvswitch 2.5.5"
| #define PACKAGE_BUGREPORT "bugs@openvswitch.org"
| #define PACKAGE_URL ""
| #define PACKAGE "openvswitch"
| #define VERSION "2.5.5"
| #define STDC_HEADERS 1
| #define HAVE_SYS_TYPES_H 1
| #define HAVE_SYS_STAT_H 1
| #define HAVE_STDLIB_H 1
| #define HAVE_STRING_H 1
| #define HAVE_MEMORY_H 1
| #define HAVE_STRINGS_H 1
| #define HAVE_INTTYPES_H 1
| #define HAVE_STDINT_H 1
| #define HAVE_UNISTD_H 1
| #define __EXTENSIONS__ 1
| #define _ALL_SOURCE 1
| #define _GNU_SOURCE 1
| #define _POSIX_PTHREAD_SEMANTICS 1
| #define _TANDEM_SOURCE 1
| #define HAVE_DLFCN_H 1
| #define LT_OBJDIR ".libs/"
| #define HAVE_DECL_STRERROR_R 1
| #define HAVE_STRERROR_R 1
| #define STRERROR_R_CHAR_P 1
| #define VSTUDIO_DDK 1
| #define HAVE_NETLINK 1
| #define HAVE_OPENSSL 1
| #define HAVE_IF_PACKET 1
| #define HAVE_DECL_SYS_SIGLIST 1
| #define HAVE_STRUCT_STAT_ST_MTIM_TV_NSEC 1
| #define HAVE_MLOCKALL 1
| #define HAVE_STRNLEN 1
| #define HAVE_GETLOADAVG 1
| #define HAVE_STATVFS 1
| #define HAVE_GETMNTENT_R 1
| #define HAVE_MNTENT_H 1
| #define HAVE_SYS_STATVFS_H 1
| #define HAVE_LINUX_TYPES_H 1
| #define HAVE_LINUX_IF_ETHER_H 1
| #define HAVE_STDATOMIC_H 1
| #define HAVE_BACKTRACE 1
| #define HAVE_LINUX_PERF_EVENT_H 1
| #define HAVE___THREAD 1
| #define HAVE_GCC4_ATOMICS 1
| #define ATOMIC_ALWAYS_LOCK_FREE_1B 1
| #define ATOMIC_ALWAYS_LOCK_FREE_2B 1
| #define ATOMIC_ALWAYS_LOCK_FREE_4B 1
| #define ATOMIC_ALWAYS_LOCK_FREE_8B 1
| /* end confdefs.h.  */
| /* Define pthread_set_name_np to an innocuous variant, in case <limits.h> declares pthread_set_name_np.
|    For example, HP-UX 11i <limits.h> declares gettimeofday.  */
| #define pthread_set_name_np innocuous_pthread_set_name_np
| 
| /* System header to define __stub macros and hopefully few prototypes,
|     which can conflict with char pthread_set_name_np (); below.
|     Prefer <limits.h> to <assert.h> if __STDC__ is defined, since
|     <limits.h> exists even on freestanding compilers.  */
| 
| #ifdef __STDC__
| # include <limits.h>
| #else
| # include <assert.h>
| #endif
| 
| #undef pthread_set_name_np
| 
| /* Override any GCC internal prototype to avoid an error.
|    Use char because int might match the return type of a GCC
|    builtin and then its argument prototype would still apply.  */
| #ifdef __cplusplus
| extern "C"
| #endif
| char pthread_set_name_np ();
| /* The GNU C library defines this for functions which it implements
|     to always fail with ENOSYS.  Some functions are actually named
|     something starting with __ and the normal name is an alias.  */
| #if defined __stub_pthread_set_name_np || defined __stub___pthread_set_name_np
| choke me
| #endif
| 
| int
| main ()
| {
| return pthread_set_name_np ();
|   ;
|   return 0;
| }
configure:14992: result: no
configure:15002: checking for pthread_setname_np() variant
configure:15019: gcc -o conftest -g -O2   conftest.c -latomic -lpthread -lrt -lm  >&5
configure:15019: $? = 0
configure:15045: result: glibc
configure:15060: checking whether __linux__ is defined
configure:15076: gcc -c -g -O2  conftest.c >&5
configure:15076: $? = 0
configure:15083: result: true
configure:15093: checking for working posix_memalign
configure:15117: gcc -o conftest -g -O2   conftest.c -latomic -lpthread -lrt -lm  >&5
configure:15117: $? = 0
configure:15117: ./conftest
configure:15117: $? = 0
configure:15127: result: yes
configure:15138: checking whether the preprocessor supports include_next
configure:15176: gcc -c -g -O2  -Iconftestd1b -Iconftestd2 conftest.c >&5
configure:15176: $? = 0
configure:15197: result: yes
configure:15218: checking whether system header files limit the line length
configure:15241: result: no
configure:15267: checking for stdio.h
configure:15267: gcc -c -g -O2  conftest.c >&5
configure:15267: $? = 0
configure:15267: result: yes
configure:15267: checking for string.h
configure:15267: result: yes
configure:15432: checking whether gcc accepts -Werror
configure:15450: gcc -c -g -O2  -Werror  conftest.c >&5
configure:15450: $? = 0
configure:15458: result: yes
configure:15467: checking whether gcc accepts -Wall
configure:15485: gcc -c -g -O2 -Werror -Wall  conftest.c >&5
configure:15485: $? = 0
configure:15493: result: yes
configure:15503: checking whether gcc accepts -Wextra
configure:15521: gcc -c -g -O2 -Werror -Wextra  conftest.c >&5
configure:15521: $? = 0
configure:15529: result: yes
configure:15539: checking whether gcc accepts -Wno-sign-compare
configure:15557: gcc -c -g -O2 -Werror -Wno-sign-compare  conftest.c >&5
configure:15557: $? = 0
configure:15565: result: yes
configure:15575: checking whether gcc accepts -Wpointer-arith
configure:15593: gcc -c -g -O2 -Werror -Wpointer-arith  conftest.c >&5
configure:15593: $? = 0
configure:15601: result: yes
configure:15611: checking whether gcc accepts -Wformat-security
configure:15629: gcc -c -g -O2 -Werror -Wformat-security  conftest.c >&5
configure:15629: $? = 0
configure:15637: result: yes
configure:15647: checking whether gcc accepts -Wswitch-enum
configure:15665: gcc -c -g -O2 -Werror -Wswitch-enum  conftest.c >&5
configure:15665: $? = 0
configure:15673: result: yes
configure:15683: checking whether gcc accepts -Wunused-parameter
configure:15701: gcc -c -g -O2 -Werror -Wunused-parameter  conftest.c >&5
configure:15701: $? = 0
configure:15709: result: yes
configure:15719: checking whether gcc accepts -Wbad-function-cast
configure:15737: gcc -c -g -O2 -Werror -Wbad-function-cast  conftest.c >&5
configure:15737: $? = 0
configure:15745: result: yes
configure:15755: checking whether gcc accepts -Wcast-align
configure:15773: gcc -c -g -O2 -Werror -Wcast-align  conftest.c >&5
configure:15773: $? = 0
configure:15781: result: yes
configure:15791: checking whether gcc accepts -Wstrict-prototypes
configure:15809: gcc -c -g -O2 -Werror -Wstrict-prototypes  conftest.c >&5
conftest.c:61:1: error: function declaration isn't a prototype [-Werror=strict-prototypes]
 main ()
 ^
cc1: all warnings being treated as errors
configure:15809: $? = 1
configure: failed program was:
| /* confdefs.h */
| #define PACKAGE_NAME "openvswitch"
| #define PACKAGE_TARNAME "openvswitch"
| #define PACKAGE_VERSION "2.5.5"
| #define PACKAGE_STRING "openvswitch 2.5.5"
| #define PACKAGE_BUGREPORT "bugs@openvswitch.org"
| #define PACKAGE_URL ""
| #define PACKAGE "openvswitch"
| #define VERSION "2.5.5"
| #define STDC_HEADERS 1
| #define HAVE_SYS_TYPES_H 1
| #define HAVE_SYS_STAT_H 1
| #define HAVE_STDLIB_H 1
| #define HAVE_STRING_H 1
| #define HAVE_MEMORY_H 1
| #define HAVE_STRINGS_H 1
| #define HAVE_INTTYPES_H 1
| #define HAVE_STDINT_H 1
| #define HAVE_UNISTD_H 1
| #define __EXTENSIONS__ 1
| #define _ALL_SOURCE 1
| #define _GNU_SOURCE 1
| #define _POSIX_PTHREAD_SEMANTICS 1
| #define _TANDEM_SOURCE 1
| #define HAVE_DLFCN_H 1
| #define LT_OBJDIR ".libs/"
| #define HAVE_DECL_STRERROR_R 1
| #define HAVE_STRERROR_R 1
| #define STRERROR_R_CHAR_P 1
| #define VSTUDIO_DDK 1
| #define HAVE_NETLINK 1
| #define HAVE_OPENSSL 1
| #define HAVE_IF_PACKET 1
| #define HAVE_DECL_SYS_SIGLIST 1
| #define HAVE_STRUCT_STAT_ST_MTIM_TV_NSEC 1
| #define HAVE_MLOCKALL 1
| #define HAVE_STRNLEN 1
| #define HAVE_GETLOADAVG 1
| #define HAVE_STATVFS 1
| #define HAVE_GETMNTENT_R 1
| #define HAVE_MNTENT_H 1
| #define HAVE_SYS_STATVFS_H 1
| #define HAVE_LINUX_TYPES_H 1
| #define HAVE_LINUX_IF_ETHER_H 1
| #define HAVE_STDATOMIC_H 1
| #define HAVE_BACKTRACE 1
| #define HAVE_LINUX_PERF_EVENT_H 1
| #define HAVE___THREAD 1
| #define HAVE_GCC4_ATOMICS 1
| #define ATOMIC_ALWAYS_LOCK_FREE_1B 1
| #define ATOMIC_ALWAYS_LOCK_FREE_2B 1
| #define ATOMIC_ALWAYS_LOCK_FREE_4B 1
| #define ATOMIC_ALWAYS_LOCK_FREE_8B 1
| #define HAVE_GLIBC_PTHREAD_SETNAME_NP 1
| #define HAVE_POSIX_MEMALIGN 1
| #define HAVE_STDIO_H 1
| #define HAVE_STRING_H 1
| /* end confdefs.h.  */
| 
| int
| main ()
| {
| 
|   ;
|   return 0;
| }
configure:15817: result: no
configure:15827: checking whether gcc accepts -Wold-style-definition
configure:15845: gcc -c -g -O2 -Werror -Wold-style-definition  conftest.c >&5
conftest.c: In function 'main':
conftest.c:61:1: error: old-style function definition [-Werror=old-style-definition]
 main ()
 ^
cc1: all warnings being treated as errors
configure:15845: $? = 1
configure: failed program was:
| /* confdefs.h */
| #define PACKAGE_NAME "openvswitch"
| #define PACKAGE_TARNAME "openvswitch"
| #define PACKAGE_VERSION "2.5.5"
| #define PACKAGE_STRING "openvswitch 2.5.5"
| #define PACKAGE_BUGREPORT "bugs@openvswitch.org"
| #define PACKAGE_URL ""
| #define PACKAGE "openvswitch"
| #define VERSION "2.5.5"
| #define STDC_HEADERS 1
| #define HAVE_SYS_TYPES_H 1
| #define HAVE_SYS_STAT_H 1
| #define HAVE_STDLIB_H 1
| #define HAVE_STRING_H 1
| #define HAVE_MEMORY_H 1
| #define HAVE_STRINGS_H 1
| #define HAVE_INTTYPES_H 1
| #define HAVE_STDINT_H 1
| #define HAVE_UNISTD_H 1
| #define __EXTENSIONS__ 1
| #define _ALL_SOURCE 1
| #define _GNU_SOURCE 1
| #define _POSIX_PTHREAD_SEMANTICS 1
| #define _TANDEM_SOURCE 1
| #define HAVE_DLFCN_H 1
| #define LT_OBJDIR ".libs/"
| #define HAVE_DECL_STRERROR_R 1
| #define HAVE_STRERROR_R 1
| #define STRERROR_R_CHAR_P 1
| #define VSTUDIO_DDK 1
| #define HAVE_NETLINK 1
| #define HAVE_OPENSSL 1
| #define HAVE_IF_PACKET 1
| #define HAVE_DECL_SYS_SIGLIST 1
| #define HAVE_STRUCT_STAT_ST_MTIM_TV_NSEC 1
| #define HAVE_MLOCKALL 1
| #define HAVE_STRNLEN 1
| #define HAVE_GETLOADAVG 1
| #define HAVE_STATVFS 1
| #define HAVE_GETMNTENT_R 1
| #define HAVE_MNTENT_H 1
| #define HAVE_SYS_STATVFS_H 1
| #define HAVE_LINUX_TYPES_H 1
| #define HAVE_LINUX_IF_ETHER_H 1
| #define HAVE_STDATOMIC_H 1
| #define HAVE_BACKTRACE 1
| #define HAVE_LINUX_PERF_EVENT_H 1
| #define HAVE___THREAD 1
| #define HAVE_GCC4_ATOMICS 1
| #define ATOMIC_ALWAYS_LOCK_FREE_1B 1
| #define ATOMIC_ALWAYS_LOCK_FREE_2B 1
| #define ATOMIC_ALWAYS_LOCK_FREE_4B 1
| #define ATOMIC_ALWAYS_LOCK_FREE_8B 1
| #define HAVE_GLIBC_PTHREAD_SETNAME_NP 1
| #define HAVE_POSIX_MEMALIGN 1
| #define HAVE_STDIO_H 1
| #define HAVE_STRING_H 1
| /* end confdefs.h.  */
| 
| int
| main ()
| {
| 
|   ;
|   return 0;
| }
configure:15853: result: no
configure:15863: checking whether gcc accepts -Wmissing-prototypes
configure:15881: gcc -c -g -O2 -Werror -Wmissing-prototypes  conftest.c >&5
configure:15881: $? = 0
configure:15889: result: yes
configure:15899: checking whether gcc accepts -Wmissing-field-initializers
configure:15917: gcc -c -g -O2 -Werror -Wmissing-field-initializers  conftest.c >&5
configure:15917: $? = 0
configure:15925: result: yes
configure:15935: checking whether gcc accepts -Wthread-safety
configure:15953: gcc -c -g -O2 -Werror -Wthread-safety  conftest.c >&5
gcc: error: unrecognized command line option '-Wthread-safety'
configure:15953: $? = 1
configure: failed program was:
| /* confdefs.h */
| #define PACKAGE_NAME "openvswitch"
| #define PACKAGE_TARNAME "openvswitch"
| #define PACKAGE_VERSION "2.5.5"
| #define PACKAGE_STRING "openvswitch 2.5.5"
| #define PACKAGE_BUGREPORT "bugs@openvswitch.org"
| #define PACKAGE_URL ""
| #define PACKAGE "openvswitch"
| #define VERSION "2.5.5"
| #define STDC_HEADERS 1
| #define HAVE_SYS_TYPES_H 1
| #define HAVE_SYS_STAT_H 1
| #define HAVE_STDLIB_H 1
| #define HAVE_STRING_H 1
| #define HAVE_MEMORY_H 1
| #define HAVE_STRINGS_H 1
| #define HAVE_INTTYPES_H 1
| #define HAVE_STDINT_H 1
| #define HAVE_UNISTD_H 1
| #define __EXTENSIONS__ 1
| #define _ALL_SOURCE 1
| #define _GNU_SOURCE 1
| #define _POSIX_PTHREAD_SEMANTICS 1
| #define _TANDEM_SOURCE 1
| #define HAVE_DLFCN_H 1
| #define LT_OBJDIR ".libs/"
| #define HAVE_DECL_STRERROR_R 1
| #define HAVE_STRERROR_R 1
| #define STRERROR_R_CHAR_P 1
| #define VSTUDIO_DDK 1
| #define HAVE_NETLINK 1
| #define HAVE_OPENSSL 1
| #define HAVE_IF_PACKET 1
| #define HAVE_DECL_SYS_SIGLIST 1
| #define HAVE_STRUCT_STAT_ST_MTIM_TV_NSEC 1
| #define HAVE_MLOCKALL 1
| #define HAVE_STRNLEN 1
| #define HAVE_GETLOADAVG 1
| #define HAVE_STATVFS 1
| #define HAVE_GETMNTENT_R 1
| #define HAVE_MNTENT_H 1
| #define HAVE_SYS_STATVFS_H 1
| #define HAVE_LINUX_TYPES_H 1
| #define HAVE_LINUX_IF_ETHER_H 1
| #define HAVE_STDATOMIC_H 1
| #define HAVE_BACKTRACE 1
| #define HAVE_LINUX_PERF_EVENT_H 1
| #define HAVE___THREAD 1
| #define HAVE_GCC4_ATOMICS 1
| #define ATOMIC_ALWAYS_LOCK_FREE_1B 1
| #define ATOMIC_ALWAYS_LOCK_FREE_2B 1
| #define ATOMIC_ALWAYS_LOCK_FREE_4B 1
| #define ATOMIC_ALWAYS_LOCK_FREE_8B 1
| #define HAVE_GLIBC_PTHREAD_SETNAME_NP 1
| #define HAVE_POSIX_MEMALIGN 1
| #define HAVE_STDIO_H 1
| #define HAVE_STRING_H 1
| /* end confdefs.h.  */
| 
| int
| main ()
| {
| 
|   ;
|   return 0;
| }
configure:15961: result: no
configure:15971: checking whether gcc accepts -fno-strict-aliasing
configure:15989: gcc -c -g -O2 -Werror -fno-strict-aliasing  conftest.c >&5
configure:15989: $? = 0
configure:15997: result: yes
configure:16007: checking whether gcc accepts -Qunused-arguments
configure:16025: gcc -c -g -O2 -Werror -Qunused-arguments  conftest.c >&5
gcc: error: unrecognized command line option '-Qunused-arguments'
configure:16025: $? = 1
configure: failed program was:
| /* confdefs.h */
| #define PACKAGE_NAME "openvswitch"
| #define PACKAGE_TARNAME "openvswitch"
| #define PACKAGE_VERSION "2.5.5"
| #define PACKAGE_STRING "openvswitch 2.5.5"
| #define PACKAGE_BUGREPORT "bugs@openvswitch.org"
| #define PACKAGE_URL ""
| #define PACKAGE "openvswitch"
| #define VERSION "2.5.5"
| #define STDC_HEADERS 1
| #define HAVE_SYS_TYPES_H 1
| #define HAVE_SYS_STAT_H 1
| #define HAVE_STDLIB_H 1
| #define HAVE_STRING_H 1
| #define HAVE_MEMORY_H 1
| #define HAVE_STRINGS_H 1
| #define HAVE_INTTYPES_H 1
| #define HAVE_STDINT_H 1
| #define HAVE_UNISTD_H 1
| #define __EXTENSIONS__ 1
| #define _ALL_SOURCE 1
| #define _GNU_SOURCE 1
| #define _POSIX_PTHREAD_SEMANTICS 1
| #define _TANDEM_SOURCE 1
| #define HAVE_DLFCN_H 1
| #define LT_OBJDIR ".libs/"
| #define HAVE_DECL_STRERROR_R 1
| #define HAVE_STRERROR_R 1
| #define STRERROR_R_CHAR_P 1
| #define VSTUDIO_DDK 1
| #define HAVE_NETLINK 1
| #define HAVE_OPENSSL 1
| #define HAVE_IF_PACKET 1
| #define HAVE_DECL_SYS_SIGLIST 1
| #define HAVE_STRUCT_STAT_ST_MTIM_TV_NSEC 1
| #define HAVE_MLOCKALL 1
| #define HAVE_STRNLEN 1
| #define HAVE_GETLOADAVG 1
| #define HAVE_STATVFS 1
| #define HAVE_GETMNTENT_R 1
| #define HAVE_MNTENT_H 1
| #define HAVE_SYS_STATVFS_H 1
| #define HAVE_LINUX_TYPES_H 1
| #define HAVE_LINUX_IF_ETHER_H 1
| #define HAVE_STDATOMIC_H 1
| #define HAVE_BACKTRACE 1
| #define HAVE_LINUX_PERF_EVENT_H 1
| #define HAVE___THREAD 1
| #define HAVE_GCC4_ATOMICS 1
| #define ATOMIC_ALWAYS_LOCK_FREE_1B 1
| #define ATOMIC_ALWAYS_LOCK_FREE_2B 1
| #define ATOMIC_ALWAYS_LOCK_FREE_4B 1
| #define ATOMIC_ALWAYS_LOCK_FREE_8B 1
| #define HAVE_GLIBC_PTHREAD_SETNAME_NP 1
| #define HAVE_POSIX_MEMALIGN 1
| #define HAVE_STDIO_H 1
| #define HAVE_STRING_H 1
| /* end confdefs.h.  */
| 
| int
| main ()
| {
| 
|   ;
|   return 0;
| }
configure:16033: result: no
configure:16043: checking whether gcc accepts -Wno-unused
configure:16061: gcc -c -g -O2 -Werror -Wno-unused  conftest.c >&5
configure:16061: $? = 0
configure:16069: result: yes
configure:16086: checking whether gcc accepts -Wno-unused-parameter
configure:16104: gcc -c -g -O2 -Werror -Wno-unused-parameter  conftest.c >&5
configure:16104: $? = 0
configure:16112: result: yes
configure:16136: checking target hint for cgcc
configure:16150: result: x86_64
configure:16162: checking whether make has GNU make $(if) extension
configure:16173: invoking make -f conftest.mk all:
make[2]: Entering directory '/home/peid/openvswitch/openvswitch-2.5.5'
echo y > conftest.out
make[2]: Leaving directory '/home/peid/openvswitch/openvswitch-2.5.5'
configure:16175: conftest.out contains:
y
configure:16185: result: yes
configure:20752: gcc -c -g -O2  conftest.c >&5
conftest.c:59:1: note: #pragma message: Checking for pragma message
 _Pragma("message(\"Checking for pragma message\")")
 ^
configure:20752: $? = 0
configure:20806: checking whether make supports nested variables
configure:20823: result: yes
configure:20944: checking that generated files are newer than configure
configure:20950: result: done
configure:21056: creating ./config.status

## ---------------------- ##
## Running config.status. ##
## ---------------------- ##

This file was extended by openvswitch config.status 2.5.5, which was
generated by GNU Autoconf 2.69.  Invocation command line was

  CONFIG_FILES    = 
  CONFIG_HEADERS  = 
  CONFIG_LINKS    = 
  CONFIG_COMMANDS = 
  $ ./config.status 

on ubuntu

config.status:1228: creating lib/stdio.h
config.status:1228: creating lib/string.h
config.status:1228: creating ovsdb/libovsdb.sym
config.status:1228: creating ofproto/libofproto.sym
config.status:1228: creating lib/libsflow.sym
config.status:1228: creating lib/libopenvswitch.sym
config.status:1228: creating ovn/lib/libovn.sym
config.status:1228: creating vtep/libvtep.sym
config.status:1228: creating Makefile
config.status:1228: creating datapath/Makefile
config.status:1228: creating datapath/linux/Kbuild
config.status:1228: creating datapath/linux/Makefile
config.status:1228: creating datapath/linux/Makefile.main
config.status:1228: creating tests/atlocal
config.status:1228: creating lib/libopenvswitch.pc
config.status:1228: creating lib/libsflow.pc
config.status:1228: creating ofproto/libofproto.pc
config.status:1228: creating ovsdb/libovsdb.pc
config.status:1228: creating include/openvswitch/version.h
config.status:1228: creating config.h
config.status:1457: executing tests/atconfig commands
config.status:1457: executing depfiles commands
config.status:1457: executing libtool commands
config.status:1457: executing include/openflow/openflow.h.stamp commands
config.status:1457: executing utilities/bugtool/dummy commands
config.status:1457: executing ovn/dummy commands
config.status:1457: executing ovn/utilities/dummy commands
configure:23245: WARNING: unrecognized options: --disable-maintainer-mode

## ---------------- ##
## Cache variables. ##
## ---------------- ##

ac_cv_build=x86_64-pc-linux-gnu
ac_cv_c_bigendian=no
ac_cv_c_compiler_gnu=yes
ac_cv_env_CC_set=
ac_cv_env_CC_value=
ac_cv_env_CFLAGS_set=
ac_cv_env_CFLAGS_value=
ac_cv_env_CPPFLAGS_set=
ac_cv_env_CPPFLAGS_value=
ac_cv_env_CPP_set=
ac_cv_env_CPP_value=
ac_cv_env_KARCH_set=
ac_cv_env_KARCH_value=
ac_cv_env_LDFLAGS_set=
ac_cv_env_LDFLAGS_value=
ac_cv_env_LIBS_set=
ac_cv_env_LIBS_value=
ac_cv_env_LT_SYS_LIBRARY_PATH_set=
ac_cv_env_LT_SYS_LIBRARY_PATH_value=
ac_cv_env_PERL_set=
ac_cv_env_PERL_value=
ac_cv_env_build_alias_set=set
ac_cv_env_build_alias_value=x86_64-linux-gnu
ac_cv_env_host_alias_set=
ac_cv_env_host_alias_value=
ac_cv_env_target_alias_set=
ac_cv_env_target_alias_value=
ac_cv_func_getloadavg=yes
ac_cv_func_getmntent_r=yes
ac_cv_func_mlockall=yes
ac_cv_func_pthread_set_name_np=no
ac_cv_func_statvfs=yes
ac_cv_func_strerror_r=yes
ac_cv_func_strerror_r_char_p=yes
ac_cv_func_strnlen=yes
ac_cv_have_decl_strerror_r=yes
ac_cv_have_decl_sys_siglist=yes
ac_cv_header_dlfcn_h=yes
ac_cv_header_inttypes_h=yes
ac_cv_header_linux_if_ether_h=yes
ac_cv_header_linux_netlink_h=yes
ac_cv_header_linux_perf_event_h=yes
ac_cv_header_linux_types_h=yes
ac_cv_header_memory_h=yes
ac_cv_header_minix_config_h=no
ac_cv_header_mntent_h=yes
ac_cv_header_net_if_dl_h=no
ac_cv_header_net_if_mib_h=no
ac_cv_header_net_if_packet_h=yes
ac_cv_header_stdatomic_h=yes
ac_cv_header_stdc=yes
ac_cv_header_stdint_h=yes
ac_cv_header_stdio_h=yes
ac_cv_header_stdlib_h=yes
ac_cv_header_string_h=yes
ac_cv_header_strings_h=yes
ac_cv_header_sys_stat_h=yes
ac_cv_header_sys_statvfs_h=yes
ac_cv_header_sys_types_h=yes
ac_cv_header_unistd_h=yes
ac_cv_header_valgrind_valgrind_h=no
ac_cv_header_vmware_h=no
ac_cv_header_windows_h=no
ac_cv_host=x86_64-pc-linux-gnu
ac_cv_lib_cap_ng_capng_clear=no
ac_cv_lib_socket_connect=no
ac_cv_member_struct_ifreq_ifr_flagshigh=no
ac_cv_member_struct_stat_st_mtim_tv_nsec=yes
ac_cv_member_struct_stat_st_mtimensec=no
ac_cv_objext=o
ac_cv_path_EGREP='/bin/grep -E'
ac_cv_path_FGREP='/bin/grep -F'
ac_cv_path_GREP=/bin/grep
ac_cv_path_PERL=/usr/bin/perl
ac_cv_path_PKG_CONFIG=/usr/bin/pkg-config
ac_cv_path_SED=/bin/sed
ac_cv_path_install='/usr/bin/install -c'
ac_cv_path_lt_DD=/bin/dd
ac_cv_path_mkdir=/bin/mkdir
ac_cv_prog_AWK=mawk
ac_cv_prog_CPP='gcc -E'
ac_cv_prog_ac_ct_AR=ar
ac_cv_prog_ac_ct_CC=gcc
ac_cv_prog_ac_ct_MANIFEST_TOOL=mt
ac_cv_prog_ac_ct_OBJDUMP=objdump
ac_cv_prog_ac_ct_RANLIB=ranlib
ac_cv_prog_ac_ct_STRIP=strip
ac_cv_prog_cc_c89=
ac_cv_prog_cc_c99=
ac_cv_prog_cc_g=yes
ac_cv_prog_make_make_set=yes
ac_cv_safe_to_define___extensions__=yes
ac_cv_search___atomic_load_8=-latomic
ac_cv_search_aio_write='none required'
ac_cv_search_backtrace='none required'
ac_cv_search_clock_gettime='none required'
ac_cv_search_gethostbyname='none required'
ac_cv_search_pow=-lm
ac_cv_search_pthread_create=-lpthread
ac_cv_search_timer_create=-lrt
ac_cv_sparse_target=x86_64
ac_cv_sys_file_offset_bits=no
ac_cv_sys_largefile_CC=no
am_cv_CC_dependencies_compiler_type=none
am_cv_make_support_nested_variables=yes
am_cv_prog_cc_c_o=yes
am_cv_prog_tar_pax=gnutar
ax_cv_func_posix_memalign_works=yes
cl_cv_x64=no
gl_cv_have_include_next=yes
gl_cv_next_stdio_h='<stdio.h>'
gl_cv_next_string_h='<string.h>'
gl_cv_pragma_columns=no
lt_cv_ar_at_file=@
lt_cv_deplibs_check_method=pass_all
lt_cv_file_magic_cmd='$MAGIC_CMD'
lt_cv_file_magic_test_file=
lt_cv_ld_reload_flag=-r
lt_cv_nm_interface='BSD nm'
lt_cv_objdir=.libs
lt_cv_path_LD=/usr/bin/ld
lt_cv_path_NM='/usr/bin/nm -B'
lt_cv_path_mainfest_tool=no
lt_cv_prog_compiler_c_o=yes
lt_cv_prog_compiler_pic='-fPIC -DPIC'
lt_cv_prog_compiler_pic_works=yes
lt_cv_prog_compiler_rtti_exceptions=no
lt_cv_prog_compiler_static_works=yes
lt_cv_prog_gnu_ld=yes
lt_cv_sharedlib_from_linklib_cmd='printf %s\n'
lt_cv_shlibpath_overrides_runpath=no
lt_cv_sys_global_symbol_pipe='sed -n -e '\''s/^.*[	 ]\([ABCDGIRSTW][ABCDGIRSTW]*\)[	 ][	 ]*\([_A-Za-z][_A-Za-z0-9]*\)$/\1 \2 \2/p'\'' | sed '\''/ __gnu_lto/d'\'''
lt_cv_sys_global_symbol_to_c_name_address='sed -n -e '\''s/^: \(.*\) .*$/  {"\1", (void *) 0},/p'\'' -e '\''s/^[ABCDGIRSTW][ABCDGIRSTW]* .* \(.*\)$/  {"\1", (void *) \&\1},/p'\'''
lt_cv_sys_global_symbol_to_c_name_address_lib_prefix='sed -n -e '\''s/^: \(.*\) .*$/  {"\1", (void *) 0},/p'\'' -e '\''s/^[ABCDGIRSTW][ABCDGIRSTW]* .* \(lib.*\)$/  {"\1", (void *) \&\1},/p'\'' -e '\''s/^[ABCDGIRSTW][ABCDGIRSTW]* .* \(.*\)$/  {"lib\1", (void *) \&\1},/p'\'''
lt_cv_sys_global_symbol_to_cdecl='sed -n -e '\''s/^T .* \(.*\)$/extern int \1();/p'\'' -e '\''s/^[ABCDGIRSTW][ABCDGIRSTW]* .* \(.*\)$/extern char \1;/p'\'''
lt_cv_sys_global_symbol_to_import=
lt_cv_sys_max_cmd_len=1572864
lt_cv_to_host_file_cmd=func_convert_file_noop
lt_cv_to_tool_file_cmd=func_convert_file_noop
lt_cv_truncate_bin='/bin/dd bs=4096 count=1'
ovs_cv__Qunused_arguments=no
ovs_cv__Wall=yes
ovs_cv__Wbad_function_cast=yes
ovs_cv__Wcast_align=yes
ovs_cv__Werror=yes
ovs_cv__Wextra=yes
ovs_cv__Wformat_security=yes
ovs_cv__Wmissing_field_initializers=yes
ovs_cv__Wmissing_prototypes=yes
ovs_cv__Wno_sign_compare=yes
ovs_cv__Wno_unused=yes
ovs_cv__Wno_unused_parameter=yes
ovs_cv__Wold_style_definition=no
ovs_cv__Wpointer_arith=yes
ovs_cv__Wstrict_prototypes=no
ovs_cv__Wswitch_enum=yes
ovs_cv__Wthread_safety=no
ovs_cv__Wunused_parameter=yes
ovs_cv___thread=yes
ovs_cv__fno_strict_aliasing=yes
ovs_cv_atomic_always_lock_free_1=1
ovs_cv_atomic_always_lock_free_2=1
ovs_cv_atomic_always_lock_free_4=1
ovs_cv_atomic_always_lock_free_8=1
ovs_cv_dot=no
ovs_cv_gcc4_atomics=yes
ovs_cv_gnu_make=yes
ovs_cv_gnu_make_if=yes
ovs_cv_groff=yes
ovs_cv_linux=true
ovs_cv_pthread_setname_np=glibc
ovs_cv_python=/usr/bin/python
ovs_cv_strtok_r_bug=no
ovs_cv_thread_local=no
ovs_cv_xsversion=none

## ----------------- ##
## Output variables. ##
## ----------------- ##

ACLOCAL='${SHELL} /home/peid/openvswitch/openvswitch-2.5.5/build-aux/missing aclocal-1.15'
AMDEPBACKSLASH=''
AMDEP_FALSE=''
AMDEP_TRUE='#'
AMTAR='$${TAR-tar}'
AM_BACKSLASH='\'
AM_DEFAULT_V='$(AM_DEFAULT_VERBOSITY)'
AM_DEFAULT_VERBOSITY='1'
AM_V='$(V)'
AR='ar'
AUTOCONF='${SHELL} /home/peid/openvswitch/openvswitch-2.5.5/build-aux/missing autoconf'
AUTOHEADER='${SHELL} /home/peid/openvswitch/openvswitch-2.5.5/build-aux/missing autoheader'
AUTOM4TE='${SHELL} /home/peid/openvswitch/openvswitch-2.5.5/build-aux/missing autom4te'
AUTOMAKE='${SHELL} /home/peid/openvswitch/openvswitch-2.5.5/build-aux/missing automake-1.15'
AWK='mawk'
CAPNG_LDADD=''
CC='$(if $(C),env REAL_CC="gcc" CHECK="$(SPARSE) -I $(top_srcdir)/include/sparse $(SPARSEFLAGS) $(SPARSE_EXTRA_INCLUDES) " cgcc $(CGCCFLAGS),gcc)'
CCDEPMODE='depmode=none'
CFLAGS='-g -O2'
CGCCFLAGS='-target=x86_64'
CPP='gcc -E'
CPPFLAGS=''
CYGPATH_W='echo'
DBDIR='${sysconfdir}/${PACKAGE}'
DEFS='-DHAVE_CONFIG_H'
DEPDIR='.deps'
DLLTOOL='false'
DPDK_NETDEV_FALSE=''
DPDK_NETDEV_TRUE='#'
DPDK_vswitchd_LDFLAGS=''
DSYMUTIL=''
DUMPBIN=''
ECHO_C=''
ECHO_N='-n'
ECHO_T=''
EGREP='/bin/grep -E'
ESX_FALSE=''
ESX_TRUE='#'
EXEEXT=''
FGREP='/bin/grep -F'
GNU_MAKE_FALSE='#'
GNU_MAKE_TRUE=''
GREP='/bin/grep'
HAVE_DOT_FALSE=''
HAVE_DOT_TRUE='#'
HAVE_GROFF_FALSE='#'
HAVE_GROFF_TRUE=''
HAVE_IF_DL_FALSE=''
HAVE_IF_DL_TRUE='#'
HAVE_IF_PACKET_FALSE='#'
HAVE_IF_PACKET_TRUE=''
HAVE_LIBCAPNG=''
HAVE_LIBCAPNG_FALSE=''
HAVE_LIBCAPNG_TRUE='#'
HAVE_NETLINK_FALSE='#'
HAVE_NETLINK_TRUE=''
HAVE_OPENSSL='yes'
HAVE_OPENSSL_FALSE='#'
HAVE_OPENSSL_TRUE=''
HAVE_POSIX_AIO_FALSE='#'
HAVE_POSIX_AIO_TRUE=''
HAVE_PYTHON='yes'
HAVE_PYTHON_FALSE='#'
HAVE_PYTHON_TRUE=''
HAVE_WNO_UNUSED_FALSE='#'
HAVE_WNO_UNUSED_PARAMETER_FALSE='#'
HAVE_WNO_UNUSED_PARAMETER_TRUE=''
HAVE_WNO_UNUSED_TRUE=''
INCLUDE_NEXT='include_next'
INCLUDE_NEXT_AS_FIRST_DIRECTIVE='include_next'
INSTALL_DATA='${INSTALL} -m 644'
INSTALL_PROGRAM='${INSTALL}'
INSTALL_SCRIPT='${INSTALL}'
INSTALL_STRIP_PROGRAM='$(install_sh) -c -s'
KARCH=''
KBUILD=''
LD='/usr/bin/ld -m elf_x86_64'
LDFLAGS=''
LIBOBJS=''
LIBS='-latomic -lpthread -lrt -lm '
LIBTOOL='$(SHELL) $(top_builddir)/libtool'
LINUX_ENABLED_FALSE=''
LINUX_ENABLED_TRUE='#'
LINUX_FALSE='#'
LINUX_TRUE=''
LIPO=''
LN_S='ln -s'
LOGDIR='${localstatedir}/log/${PACKAGE}'
LTLIBOBJS=''
LT_AGE='0'
LT_CURRENT='1'
LT_REVISION='0'
LT_SYS_LIBRARY_PATH=''
MAKEINFO='${SHELL} /home/peid/openvswitch/openvswitch-2.5.5/build-aux/missing makeinfo'
MANIFEST_TOOL=':'
MKDIR_P='/bin/mkdir -p'
MSVC64_LDFLAGS=''
MSVC_CFLAGS=''
NDEBUG_FALSE=''
NDEBUG_TRUE='#'
NEXT_AS_FIRST_DIRECTIVE_STDIO_H='<stdio.h>'
NEXT_AS_FIRST_DIRECTIVE_STRING_H='<string.h>'
NEXT_STDIO_H='<stdio.h>'
NEXT_STRING_H='<string.h>'
NM='/usr/bin/nm -B'
NMEDIT=''
OBJDUMP='objdump'
OBJEXT='o'
OTOOL64=''
OTOOL=''
OVS_CFLAGS=''
OVS_LDFLAGS=''
PACKAGE='openvswitch'
PACKAGE_BUGREPORT='bugs@openvswitch.org'
PACKAGE_NAME='openvswitch'
PACKAGE_STRING='openvswitch 2.5.5'
PACKAGE_TARNAME='openvswitch'
PACKAGE_URL=''
PACKAGE_VERSION='2.5.5'
PATH_SEPARATOR=':'
PERL='/usr/bin/perl'
PKG_CONFIG='/usr/bin/pkg-config'
PKIDIR='${localstatedir}/lib/openvswitch/pki'
PRAGMA_COLUMNS=''
PRAGMA_SYSTEM_HEADER='#pragma GCC system_header'
PTHREAD_INCLUDES=''
PTHREAD_LDFLAGS=''
PTHREAD_LIBS=''
PTHREAD_WIN32_DIR_DLL=''
PTHREAD_WIN32_DIR_DLL_WIN_FORM=''
PYTHON='/usr/bin/python'
RANLIB='ranlib'
RUNDIR='${localstatedir}/run/openvswitch'
SED='/bin/sed'
SET_MAKE=''
SHELL='/bin/bash'
SPARSE='sparse'
SPARSEFLAGS='-m64'
SPARSE_EXTRA_INCLUDES='-I /usr/local/include -I /usr/include/x86_64-linux-gnu '
SSL_INCLUDES=''
SSL_LDFLAGS=''
SSL_LIBS='-lssl -lcrypto'
STRIP='strip'
VERSION='2.5.5'
VSTUDIO_CONFIG=''
VSTUDIO_DDK_FALSE=''
VSTUDIO_DDK_TRUE='#'
WARNING_FLAGS=' -Wall -Wextra -Wno-sign-compare -Wpointer-arith -Wformat-security -Wswitch-enum -Wunused-parameter -Wbad-function-cast -Wcast-align -Wmissing-prototypes -Wmissing-field-initializers -fno-strict-aliasing'
WIN32_FALSE=''
WIN32_TRUE='#'
ac_ct_AR='ar'
ac_ct_CC='gcc'
ac_ct_DUMPBIN=''
am__EXEEXT_FALSE=''
am__EXEEXT_TRUE='#'
am__fastdepCC_FALSE=''
am__fastdepCC_TRUE='#'
am__include='include'
am__isrc=''
am__leading_dot='.'
am__nodep=''
am__quote=''
am__tar='tar --format=posix -chf - "$$tardir"'
am__untar='tar -xf -'
bindir='${exec_prefix}/bin'
build='x86_64-pc-linux-gnu'
build_alias='x86_64-linux-gnu'
build_cpu='x86_64'
build_os='linux-gnu'
build_vendor='pc'
datadir='${datarootdir}'
datarootdir='${prefix}/share'
docdir='${datarootdir}/doc/${PACKAGE_TARNAME}'
dvidir='${docdir}'
exec_prefix='${prefix}'
host='x86_64-pc-linux-gnu'
host_alias=''
host_cpu='x86_64'
host_os='linux-gnu'
host_vendor='pc'
htmldir='${docdir}'
includedir='${prefix}/include'
infodir='${prefix}/share/info'
install_sh='${SHELL} /home/peid/openvswitch/openvswitch-2.5.5/build-aux/install-sh'
libdir='${exec_prefix}/lib'
libexecdir='${prefix}/lib/openvswitch'
localedir='${datarootdir}/locale'
localstatedir='/var'
mandir='${prefix}/share/man'
mkdir_p='$(MKDIR_P)'
oldincludedir='/usr/include'
pdfdir='${docdir}'
prefix='/usr'
program_transform_name='s,x,x,'
psdir='${docdir}'
runstatedir='${localstatedir}/run'
sbindir='${exec_prefix}/sbin'
sharedstatedir='${prefix}/com'
sysconfdir='/etc'
target_alias=''

## ----------- ##
## confdefs.h. ##
## ----------- ##

/* confdefs.h */
#define PACKAGE_NAME "openvswitch"
#define PACKAGE_TARNAME "openvswitch"
#define PACKAGE_VERSION "2.5.5"
#define PACKAGE_STRING "openvswitch 2.5.5"
#define PACKAGE_BUGREPORT "bugs@openvswitch.org"
#define PACKAGE_URL ""
#define PACKAGE "openvswitch"
#define VERSION "2.5.5"
#define STDC_HEADERS 1
#define HAVE_SYS_TYPES_H 1
#define HAVE_SYS_STAT_H 1
#define HAVE_STDLIB_H 1
#define HAVE_STRING_H 1
#define HAVE_MEMORY_H 1
#define HAVE_STRINGS_H 1
#define HAVE_INTTYPES_H 1
#define HAVE_STDINT_H 1
#define HAVE_UNISTD_H 1
#define __EXTENSIONS__ 1
#define _ALL_SOURCE 1
#define _GNU_SOURCE 1
#define _POSIX_PTHREAD_SEMANTICS 1
#define _TANDEM_SOURCE 1
#define HAVE_DLFCN_H 1
#define LT_OBJDIR ".libs/"
#define HAVE_DECL_STRERROR_R 1
#define HAVE_STRERROR_R 1
#define STRERROR_R_CHAR_P 1
#define VSTUDIO_DDK 1
#define HAVE_NETLINK 1
#define HAVE_OPENSSL 1
#define HAVE_IF_PACKET 1
#define HAVE_DECL_SYS_SIGLIST 1
#define HAVE_STRUCT_STAT_ST_MTIM_TV_NSEC 1
#define HAVE_MLOCKALL 1
#define HAVE_STRNLEN 1
#define HAVE_GETLOADAVG 1
#define HAVE_STATVFS 1
#define HAVE_GETMNTENT_R 1
#define HAVE_MNTENT_H 1
#define HAVE_SYS_STATVFS_H 1
#define HAVE_LINUX_TYPES_H 1
#define HAVE_LINUX_IF_ETHER_H 1
#define HAVE_STDATOMIC_H 1
#define HAVE_BACKTRACE 1
#define HAVE_LINUX_PERF_EVENT_H 1
#define HAVE___THREAD 1
#define HAVE_GCC4_ATOMICS 1
#define ATOMIC_ALWAYS_LOCK_FREE_1B 1
#define ATOMIC_ALWAYS_LOCK_FREE_2B 1
#define ATOMIC_ALWAYS_LOCK_FREE_4B 1
#define ATOMIC_ALWAYS_LOCK_FREE_8B 1
#define HAVE_GLIBC_PTHREAD_SETNAME_NP 1
#define HAVE_POSIX_MEMALIGN 1
#define HAVE_STDIO_H 1
#define HAVE_STRING_H 1
#define HAVE_PRAGMA_MESSAGE 1

configure: exit 0
